[ 2016-06-06T13:41:39+08:00 ] 127.0.0.1 /manage
INFO: [ app_init ] --START--
INFO: Run Behavior\BuildLiteBehavior [ RunTime:0.000015s ]
INFO: [ app_init ] --END-- [ RunTime:0.000510s ]
INFO: [ app_begin ] --START--
INFO: Run Behavior\ReadHtmlCacheBehavior [ RunTime:0.000690s ]
INFO: [ app_begin ] --END-- [ RunTime:0.000745s ]

[ 2016-06-06T13:41:39+08:00 ] 127.0.0.1 /index.php/Manage/Public/login.html
INFO: [ app_init ] --START--
INFO: Run Behavior\BuildLiteBehavior [ RunTime:0.000015s ]
INFO: [ app_init ] --END-- [ RunTime:0.000450s ]
INFO: [ app_begin ] --START--
INFO: Run Behavior\ReadHtmlCacheBehavior [ RunTime:0.000519s ]
INFO: [ app_begin ] --END-- [ RunTime:0.000573s ]
INFO: [ view_parse ] --START--
INFO: [ template_filter ] --START--
INFO: Run Behavior\ContentReplaceBehavior [ RunTime:0.000495s ]
INFO: [ template_filter ] --END-- [ RunTime:0.000568s ]
INFO: Run Behavior\ParseTemplateBehavior [ RunTime:0.010043s ]
INFO: [ view_parse ] --END-- [ RunTime:0.010107s ]
INFO: [ view_filter ] --START--
INFO: Run Behavior\WriteHtmlCacheBehavior [ RunTime:0.000387s ]
INFO: [ view_filter ] --END-- [ RunTime:0.000424s ]
INFO: [ app_end ] --START--
INFO: Run Behavior\ShowPageTraceBehavior [ RunTime:0.000556s ]
INFO: [ app_end ] --END-- [ RunTime:0.000599s ]

[ 2016-06-06T13:41:39+08:00 ] 127.0.0.1 /index.php/Manage/Public/verify.html
INFO: [ app_init ] --START--
INFO: Run Behavior\BuildLiteBehavior [ RunTime:0.000017s ]
INFO: [ app_init ] --END-- [ RunTime:0.000446s ]
INFO: [ app_begin ] --START--
INFO: Run Behavior\ReadHtmlCacheBehavior [ RunTime:0.000607s ]
INFO: [ app_begin ] --END-- [ RunTime:0.000669s ]
NOTIC: [2] Creating default object from empty value D:\phpStudy\WWW\flsystem\Application\Manage\Controller\PublicController.class.php 第 19 行.
INFO: [ app_end ] --START--
INFO: Run Behavior\ShowPageTraceBehavior [ RunTime:0.000712s ]
INFO: [ app_end ] --END-- [ RunTime:0.000787s ]

[ 2016-06-06T13:41:47+08:00 ] 127.0.0.1 /index.php/Manage/Public/login.html
INFO: [ app_init ] --START--
INFO: Run Behavior\BuildLiteBehavior [ RunTime:0.000017s ]
INFO: [ app_init ] --END-- [ RunTime:0.000592s ]
INFO: [ app_begin ] --START--
INFO: Run Behavior\ReadHtmlCacheBehavior [ RunTime:0.000775s ]
INFO: [ app_begin ] --END-- [ RunTime:0.000851s ]
INFO: [ view_parse ] --START--
INFO: [ template_filter ] --START--
INFO: Run Behavior\ContentReplaceBehavior [ RunTime:0.000070s ]
INFO: [ template_filter ] --END-- [ RunTime:0.000141s ]
INFO: Run Behavior\ParseTemplateBehavior [ RunTime:0.009484s ]
INFO: [ view_parse ] --END-- [ RunTime:0.009557s ]
INFO: [ view_filter ] --START--
INFO: Run Behavior\WriteHtmlCacheBehavior [ RunTime:0.000521s ]
INFO: [ view_filter ] --END-- [ RunTime:0.000576s ]
INFO: [ app_end ] --START--
INFO: Run Behavior\ShowPageTraceBehavior [ RunTime:0.000686s ]
INFO: [ app_end ] --END-- [ RunTime:0.000747s ]

[ 2016-06-06T13:41:47+08:00 ] 127.0.0.1 /index.php/Manage/Public/verify.html
INFO: [ app_init ] --START--
INFO: Run Behavior\BuildLiteBehavior [ RunTime:0.000019s ]
INFO: [ app_init ] --END-- [ RunTime:0.000575s ]
INFO: [ app_begin ] --START--
INFO: Run Behavior\ReadHtmlCacheBehavior [ RunTime:0.000725s ]
INFO: [ app_begin ] --END-- [ RunTime:0.000803s ]
NOTIC: [2] Creating default object from empty value D:\phpStudy\WWW\flsystem\Application\Manage\Controller\PublicController.class.php 第 19 行.
INFO: [ app_end ] --START--
INFO: Run Behavior\ShowPageTraceBehavior [ RunTime:0.000961s ]
INFO: [ app_end ] --END-- [ RunTime:0.001090s ]

[ 2016-06-06T13:45:30+08:00 ] 127.0.0.1 /index.php/Manage/Public/login.html
INFO: [ app_init ] --START--
INFO: Run Behavior\BuildLiteBehavior [ RunTime:0.000015s ]
INFO: [ app_init ] --END-- [ RunTime:0.000508s ]
INFO: [ app_begin ] --START--
INFO: Run Behavior\ReadHtmlCacheBehavior [ RunTime:0.000633s ]
INFO: [ app_begin ] --END-- [ RunTime:0.000687s ]
INFO: [ view_parse ] --START--
INFO: [ template_filter ] --START--
INFO: Run Behavior\ContentReplaceBehavior [ RunTime:0.000042s ]
INFO: [ template_filter ] --END-- [ RunTime:0.000088s ]
INFO: Run Behavior\ParseTemplateBehavior [ RunTime:0.005432s ]
INFO: [ view_parse ] --END-- [ RunTime:0.005483s ]
INFO: [ view_filter ] --START--
INFO: Run Behavior\WriteHtmlCacheBehavior [ RunTime:0.000438s ]
INFO: [ view_filter ] --END-- [ RunTime:0.000474s ]
INFO: [ app_end ] --START--
INFO: Run Behavior\ShowPageTraceBehavior [ RunTime:0.000599s ]
INFO: [ app_end ] --END-- [ RunTime:0.000638s ]

[ 2016-06-06T13:45:30+08:00 ] 127.0.0.1 /index.php/Manage/Public/verify.html
INFO: [ app_init ] --START--
INFO: Run Behavior\BuildLiteBehavior [ RunTime:0.000018s ]
INFO: [ app_init ] --END-- [ RunTime:0.000584s ]
INFO: [ app_begin ] --START--
INFO: Run Behavior\ReadHtmlCacheBehavior [ RunTime:0.000827s ]
INFO: [ app_begin ] --END-- [ RunTime:0.000910s ]
NOTIC: [2] Creating default object from empty value D:\phpStudy\WWW\flsystem\Application\Manage\Controller\PublicController.class.php 第 19 行.
INFO: [ app_end ] --START--
INFO: Run Behavior\ShowPageTraceBehavior [ RunTime:0.000994s ]
INFO: [ app_end ] --END-- [ RunTime:0.001104s ]

[ 2016-06-06T13:46:11+08:00 ] 127.0.0.1 /index.php/Manage/Public/login.html
INFO: [ app_init ] --START--
INFO: Run Behavior\BuildLiteBehavior [ RunTime:0.000017s ]
INFO: [ app_init ] --END-- [ RunTime:0.000775s ]
INFO: [ app_begin ] --START--
INFO: Run Behavior\ReadHtmlCacheBehavior [ RunTime:0.000614s ]
INFO: [ app_begin ] --END-- [ RunTime:0.000661s ]
INFO: [ view_parse ] --START--
INFO: [ template_filter ] --START--
INFO: Run Behavior\ContentReplaceBehavior [ RunTime:0.000043s ]
INFO: [ template_filter ] --END-- [ RunTime:0.000092s ]
INFO: Run Behavior\ParseTemplateBehavior [ RunTime:0.006468s ]
INFO: [ view_parse ] --END-- [ RunTime:0.006532s ]
INFO: [ view_filter ] --START--
INFO: Run Behavior\WriteHtmlCacheBehavior [ RunTime:0.000438s ]
INFO: [ view_filter ] --END-- [ RunTime:0.000473s ]
INFO: [ app_end ] --START--
INFO: Run Behavior\ShowPageTraceBehavior [ RunTime:0.000652s ]
INFO: [ app_end ] --END-- [ RunTime:0.000691s ]

[ 2016-06-06T13:46:11+08:00 ] 127.0.0.1 /index.php/Manage/Public/verify.html
INFO: [ app_init ] --START--
INFO: Run Behavior\BuildLiteBehavior [ RunTime:0.000014s ]
INFO: [ app_init ] --END-- [ RunTime:0.000433s ]
INFO: [ app_begin ] --START--
INFO: Run Behavior\ReadHtmlCacheBehavior [ RunTime:0.000559s ]
INFO: [ app_begin ] --END-- [ RunTime:0.000612s ]
NOTIC: [2] Creating default object from empty value D:\phpStudy\WWW\flsystem\Application\Manage\Controller\PublicController.class.php 第 19 行.
INFO: [ app_end ] --START--
INFO: Run Behavior\ShowPageTraceBehavior [ RunTime:0.000727s ]
INFO: [ app_end ] --END-- [ RunTime:0.000810s ]

[ 2016-06-06T13:46:21+08:00 ] 127.0.0.1 /index.php/Manage/Public/login.html
INFO: [ app_init ] --START--
INFO: Run Behavior\BuildLiteBehavior [ RunTime:0.000019s ]
INFO: [ app_init ] --END-- [ RunTime:0.000792s ]
INFO: [ app_begin ] --START--
INFO: Run Behavior\ReadHtmlCacheBehavior [ RunTime:0.000638s ]
INFO: [ app_begin ] --END-- [ RunTime:0.000729s ]
SQL: SHOW COLUMNS FROM `fl_manage` [ RunTime:0.0040s ]
SQL: SELECT * FROM `fl_manage` WHERE `login_name` = 'manage' LIMIT 1   [ RunTime:0.0004s ]
INFO: [ view_parse ] --START--
INFO: [ template_filter ] --START--
INFO: Run Behavior\ContentReplaceBehavior [ RunTime:0.000034s ]
INFO: [ template_filter ] --END-- [ RunTime:0.000081s ]
INFO: Run Behavior\ParseTemplateBehavior [ RunTime:0.006620s ]
INFO: [ view_parse ] --END-- [ RunTime:0.006675s ]
INFO: [ view_filter ] --START--
INFO: Run Behavior\WriteHtmlCacheBehavior [ RunTime:0.000439s ]
INFO: [ view_filter ] --END-- [ RunTime:0.000474s ]
INFO: [ app_end ] --START--
INFO: Run Behavior\ShowPageTraceBehavior [ RunTime:0.000538s ]
INFO: [ app_end ] --END-- [ RunTime:0.000577s ]

[ 2016-06-06T13:46:23+08:00 ] 127.0.0.1 /index.php/Manage/Public/login.html
INFO: [ app_init ] --START--
INFO: Run Behavior\BuildLiteBehavior [ RunTime:0.000026s ]
INFO: [ app_init ] --END-- [ RunTime:0.000804s ]
INFO: [ app_begin ] --START--
INFO: Run Behavior\ReadHtmlCacheBehavior [ RunTime:0.001482s ]
INFO: [ app_begin ] --END-- [ RunTime:0.001615s ]

[ 2016-06-06T13:46:23+08:00 ] 127.0.0.1 /index.php/Manage/Index/index.html
INFO: [ app_init ] --START--
INFO: Run Behavior\BuildLiteBehavior [ RunTime:0.000033s ]
INFO: [ app_init ] --END-- [ RunTime:0.001079s ]
INFO: [ app_begin ] --START--
INFO: Run Behavior\ReadHtmlCacheBehavior [ RunTime:0.002121s ]
INFO: [ app_begin ] --END-- [ RunTime:0.002268s ]
INFO: [ view_parse ] --START--
INFO: [ template_filter ] --START--
INFO: Run Behavior\ContentReplaceBehavior [ RunTime:0.000103s ]
INFO: [ template_filter ] --END-- [ RunTime:0.000196s ]
INFO: Run Behavior\ParseTemplateBehavior [ RunTime:0.015554s ]
INFO: [ view_parse ] --END-- [ RunTime:0.015651s ]
INFO: [ view_filter ] --START--
INFO: Run Behavior\WriteHtmlCacheBehavior [ RunTime:0.000537s ]
INFO: [ view_filter ] --END-- [ RunTime:0.000605s ]
INFO: [ app_end ] --START--
INFO: Run Behavior\ShowPageTraceBehavior [ RunTime:0.000849s ]
INFO: [ app_end ] --END-- [ RunTime:0.000935s ]

[ 2016-06-06T13:46:25+08:00 ] 127.0.0.1 /index.php/Manage/Index/index.html
INFO: [ app_init ] --START--
INFO: Run Behavior\BuildLiteBehavior [ RunTime:0.000020s ]
INFO: [ app_init ] --END-- [ RunTime:0.000662s ]
INFO: [ app_begin ] --START--
INFO: Run Behavior\ReadHtmlCacheBehavior [ RunTime:0.000525s ]
INFO: [ app_begin ] --END-- [ RunTime:0.000574s ]
INFO: [ view_parse ] --START--
INFO: [ template_filter ] --START--
INFO: Run Behavior\ContentReplaceBehavior [ RunTime:0.000051s ]
INFO: [ template_filter ] --END-- [ RunTime:0.000097s ]
INFO: Run Behavior\ParseTemplateBehavior [ RunTime:0.006745s ]
INFO: [ view_parse ] --END-- [ RunTime:0.006796s ]
INFO: [ view_filter ] --START--
INFO: Run Behavior\WriteHtmlCacheBehavior [ RunTime:0.000367s ]
INFO: [ view_filter ] --END-- [ RunTime:0.000402s ]
INFO: [ app_end ] --START--
INFO: Run Behavior\ShowPageTraceBehavior [ RunTime:0.000544s ]
INFO: [ app_end ] --END-- [ RunTime:0.000585s ]

[ 2016-06-06T13:54:42+08:00 ] 127.0.0.1 /index.php/Manage/Auth/authList.html
INFO: [ app_init ] --START--
INFO: Run Behavior\BuildLiteBehavior [ RunTime:0.000012s ]
INFO: [ app_init ] --END-- [ RunTime:0.000474s ]
INFO: [ app_begin ] --START--
INFO: Run Behavior\ReadHtmlCacheBehavior [ RunTime:0.000605s ]
INFO: [ app_begin ] --END-- [ RunTime:0.000654s ]
SQL: SHOW COLUMNS FROM `fl_auth_rule` [ RunTime:0.0037s ]
SQL: SELECT * FROM `fl_auth_rule`  [ RunTime:0.0005s ]
NOTIC: [2] Invalid argument supplied for foreach() D:\phpStudy\WWW\flsystem\Application\Manage\Controller\AuthController.class.php 第 25 行.
NOTIC: [2] Invalid argument supplied for foreach() D:\phpStudy\WWW\flsystem\Application\Manage\Controller\AuthController.class.php 第 25 行.
NOTIC: [2] Invalid argument supplied for foreach() D:\phpStudy\WWW\flsystem\Application\Manage\Controller\AuthController.class.php 第 25 行.
NOTIC: [2] Invalid argument supplied for foreach() D:\phpStudy\WWW\flsystem\Application\Manage\Controller\AuthController.class.php 第 25 行.
NOTIC: [2] Invalid argument supplied for foreach() D:\phpStudy\WWW\flsystem\Application\Manage\Controller\AuthController.class.php 第 25 行.
NOTIC: [2] Invalid argument supplied for foreach() D:\phpStudy\WWW\flsystem\Application\Manage\Controller\AuthController.class.php 第 25 行.
NOTIC: [2] Invalid argument supplied for foreach() D:\phpStudy\WWW\flsystem\Application\Manage\Controller\AuthController.class.php 第 25 行.
NOTIC: [2] Invalid argument supplied for foreach() D:\phpStudy\WWW\flsystem\Application\Manage\Controller\AuthController.class.php 第 25 行.
NOTIC: [2] Invalid argument supplied for foreach() D:\phpStudy\WWW\flsystem\Application\Manage\Controller\AuthController.class.php 第 25 行.
NOTIC: [2] Invalid argument supplied for foreach() D:\phpStudy\WWW\flsystem\Application\Manage\Controller\AuthController.class.php 第 25 行.
NOTIC: [2] Invalid argument supplied for foreach() D:\phpStudy\WWW\flsystem\Application\Manage\Controller\AuthController.class.php 第 25 行.
NOTIC: [2] Invalid argument supplied for foreach() D:\phpStudy\WWW\flsystem\Application\Manage\Controller\AuthController.class.php 第 25 行.
NOTIC: [2] Invalid argument supplied for foreach() D:\phpStudy\WWW\flsystem\Application\Manage\Controller\AuthController.class.php 第 25 行.
NOTIC: [2] Invalid argument supplied for foreach() D:\phpStudy\WWW\flsystem\Application\Manage\Controller\AuthController.class.php 第 25 行.
NOTIC: [2] Invalid argument supplied for foreach() D:\phpStudy\WWW\flsystem\Application\Manage\Controller\AuthController.class.php 第 25 行.
INFO: [ view_parse ] --START--
INFO: [ template_filter ] --START--
INFO: Run Behavior\ContentReplaceBehavior [ RunTime:0.000062s ]
INFO: [ template_filter ] --END-- [ RunTime:0.000107s ]
INFO: Run Behavior\ParseTemplateBehavior [ RunTime:0.008914s ]
INFO: [ view_parse ] --END-- [ RunTime:0.008966s ]
INFO: [ view_filter ] --START--
INFO: Run Behavior\WriteHtmlCacheBehavior [ RunTime:0.000443s ]
INFO: [ view_filter ] --END-- [ RunTime:0.000479s ]
INFO: [ app_end ] --START--
INFO: Run Behavior\ShowPageTraceBehavior [ RunTime:0.000870s ]
INFO: [ app_end ] --END-- [ RunTime:0.000959s ]

[ 2016-06-06T13:54:54+08:00 ] 127.0.0.1 /index.php/Manage/Auth/authGroupList.html
INFO: [ app_init ] --START--
INFO: Run Behavior\BuildLiteBehavior [ RunTime:0.000013s ]
INFO: [ app_init ] --END-- [ RunTime:0.000465s ]
INFO: [ app_begin ] --START--
INFO: Run Behavior\ReadHtmlCacheBehavior [ RunTime:0.000543s ]
INFO: [ app_begin ] --END-- [ RunTime:0.000594s ]
NOTIC: [2048] Declaration of Manage\Model\AuthGroupModel::getList() should be compatible with Common\Model\CommonModel::getList($map = Array, $sort = 'create_tim...') D:\phpStudy\WWW\flsystem\Application\Manage\Model\AuthGroupModel.class.php 第 10 行.
NOTIC: [2048] Declaration of Manage\Model\AuthGroupModel::getTree() should be compatible with Common\Model\CommonModel::getTree($map = Array) D:\phpStudy\WWW\flsystem\Application\Manage\Model\AuthGroupModel.class.php 第 10 行.
SQL: SHOW COLUMNS FROM `fl_auth_group` [ RunTime:0.0046s ]
NOTIC: [8] Undefined index: p D:\phpStudy\WWW\flsystem\Application\Common\Model\CommonModel.class.php 第 23 行.
SQL: SELECT * FROM `fl_auth_group` WHERE `status` >= 0 LIMIT 0,10   [ RunTime:0.0004s ]
NOTIC: [8] Undefined index: p D:\phpStudy\WWW\flsystem\Application\Common\Model\CommonModel.class.php 第 24 行.
SQL: SELECT * FROM `fl_auth_group` WHERE `status` >= 0 LIMIT 0,10   [ RunTime:0.0003s ]
SQL: SELECT COUNT(*) AS tp_count FROM `fl_auth_group` WHERE `status` >= 0 LIMIT 1   [ RunTime:0.0003s ]
NOTIC: [8] Undefined index: p D:\phpStudy\WWW\flsystem\Application\Manage\Controller\AuthController.class.php 第 86 行.
INFO: [ view_parse ] --START--
INFO: [ template_filter ] --START--
INFO: Run Behavior\ContentReplaceBehavior [ RunTime:0.000194s ]
INFO: [ template_filter ] --END-- [ RunTime:0.000341s ]
NOTIC: [8] Undefined index: search D:\phpStudy\WWW\flsystem\Application\Runtime\Cache\Manage\71ea50d4822615895b6881417485f427.php 第 130 行.
NOTIC: [8] Undefined variable: list D:\phpStudy\WWW\flsystem\Application\Runtime\Cache\Manage\71ea50d4822615895b6881417485f427.php 第 163 行.
INFO: Run Behavior\ParseTemplateBehavior [ RunTime:0.011851s ]
INFO: [ view_parse ] --END-- [ RunTime:0.011897s ]
INFO: [ view_filter ] --START--
INFO: Run Behavior\WriteHtmlCacheBehavior [ RunTime:0.000384s ]
INFO: [ view_filter ] --END-- [ RunTime:0.000419s ]
INFO: [ app_end ] --START--
INFO: Run Behavior\ShowPageTraceBehavior [ RunTime:0.000735s ]
INFO: [ app_end ] --END-- [ RunTime:0.000794s ]

[ 2016-06-06T13:54:57+08:00 ] 127.0.0.1 /index.php/Manage/Auth/authGroupAdd.html
INFO: [ app_init ] --START--
INFO: Run Behavior\BuildLiteBehavior [ RunTime:0.000022s ]
INFO: [ app_init ] --END-- [ RunTime:0.000804s ]
INFO: [ app_begin ] --START--
INFO: Run Behavior\ReadHtmlCacheBehavior [ RunTime:0.000526s ]
INFO: [ app_begin ] --END-- [ RunTime:0.000574s ]
SQL: SHOW COLUMNS FROM `fl_auth_rule` [ RunTime:0.0035s ]
SQL: SELECT * FROM `fl_auth_rule`  [ RunTime:0.0005s ]
INFO: [ view_parse ] --START--
INFO: [ template_filter ] --START--
INFO: Run Behavior\ContentReplaceBehavior [ RunTime:0.000060s ]
INFO: [ template_filter ] --END-- [ RunTime:0.000104s ]
INFO: Run Behavior\ParseTemplateBehavior [ RunTime:0.009454s ]
INFO: [ view_parse ] --END-- [ RunTime:0.009519s ]
INFO: [ view_filter ] --START--
INFO: Run Behavior\WriteHtmlCacheBehavior [ RunTime:0.000380s ]
INFO: [ view_filter ] --END-- [ RunTime:0.000416s ]
INFO: [ app_end ] --START--
INFO: Run Behavior\ShowPageTraceBehavior [ RunTime:0.000784s ]
INFO: [ app_end ] --END-- [ RunTime:0.000851s ]

[ 2016-06-06T13:55:15+08:00 ] 127.0.0.1 /index.php/Manage/Auth/authGroupList.html
INFO: [ app_init ] --START--
INFO: Run Behavior\BuildLiteBehavior [ RunTime:0.000013s ]
INFO: [ app_init ] --END-- [ RunTime:0.000478s ]
INFO: [ app_begin ] --START--
INFO: Run Behavior\ReadHtmlCacheBehavior [ RunTime:0.000928s ]
INFO: [ app_begin ] --END-- [ RunTime:0.001007s ]
NOTIC: [2048] Declaration of Manage\Model\AuthGroupModel::getList() should be compatible with Common\Model\CommonModel::getList($map = Array, $sort = 'create_tim...') D:\phpStudy\WWW\flsystem\Application\Manage\Model\AuthGroupModel.class.php 第 10 行.
NOTIC: [2048] Declaration of Manage\Model\AuthGroupModel::getTree() should be compatible with Common\Model\CommonModel::getTree($map = Array) D:\phpStudy\WWW\flsystem\Application\Manage\Model\AuthGroupModel.class.php 第 10 行.
SQL: SHOW COLUMNS FROM `fl_auth_group` [ RunTime:0.0038s ]
NOTIC: [8] Undefined index: p D:\phpStudy\WWW\flsystem\Application\Common\Model\CommonModel.class.php 第 23 行.
SQL: SELECT * FROM `fl_auth_group` WHERE `status` >= 0 LIMIT 0,10   [ RunTime:0.0004s ]
NOTIC: [8] Undefined index: p D:\phpStudy\WWW\flsystem\Application\Common\Model\CommonModel.class.php 第 24 行.
SQL: SELECT * FROM `fl_auth_group` WHERE `status` >= 0 LIMIT 0,10   [ RunTime:0.0003s ]
SQL: SELECT COUNT(*) AS tp_count FROM `fl_auth_group` WHERE `status` >= 0 LIMIT 1   [ RunTime:0.0003s ]
NOTIC: [8] Undefined index: p D:\phpStudy\WWW\flsystem\Application\Manage\Controller\AuthController.class.php 第 86 行.
INFO: [ view_parse ] --START--
INFO: [ template_filter ] --START--
INFO: Run Behavior\ContentReplaceBehavior [ RunTime:0.000088s ]
INFO: [ template_filter ] --END-- [ RunTime:0.000158s ]
NOTIC: [8] Undefined index: search D:\phpStudy\WWW\flsystem\Application\Runtime\Cache\Manage\71ea50d4822615895b6881417485f427.php 第 130 行.
NOTIC: [8] Undefined variable: list D:\phpStudy\WWW\flsystem\Application\Runtime\Cache\Manage\71ea50d4822615895b6881417485f427.php 第 163 行.
INFO: Run Behavior\ParseTemplateBehavior [ RunTime:0.011620s ]
INFO: [ view_parse ] --END-- [ RunTime:0.011666s ]
INFO: [ view_filter ] --START--
INFO: Run Behavior\WriteHtmlCacheBehavior [ RunTime:0.000377s ]
INFO: [ view_filter ] --END-- [ RunTime:0.000412s ]
INFO: [ app_end ] --START--
INFO: Run Behavior\ShowPageTraceBehavior [ RunTime:0.000962s ]
INFO: [ app_end ] --END-- [ RunTime:0.001022s ]

[ 2016-06-06T13:55:15+08:00 ] 127.0.0.1 /index.php/Manage/Auth/authList.html
INFO: [ app_init ] --START--
INFO: Run Behavior\BuildLiteBehavior [ RunTime:0.000015s ]
INFO: [ app_init ] --END-- [ RunTime:0.000524s ]
INFO: [ app_begin ] --START--
INFO: Run Behavior\ReadHtmlCacheBehavior [ RunTime:0.000544s ]
INFO: [ app_begin ] --END-- [ RunTime:0.000593s ]
SQL: SHOW COLUMNS FROM `fl_auth_rule` [ RunTime:0.0037s ]
SQL: SELECT * FROM `fl_auth_rule`  [ RunTime:0.0005s ]
NOTIC: [2] Invalid argument supplied for foreach() D:\phpStudy\WWW\flsystem\Application\Manage\Controller\AuthController.class.php 第 25 行.
NOTIC: [2] Invalid argument supplied for foreach() D:\phpStudy\WWW\flsystem\Application\Manage\Controller\AuthController.class.php 第 25 行.
NOTIC: [2] Invalid argument supplied for foreach() D:\phpStudy\WWW\flsystem\Application\Manage\Controller\AuthController.class.php 第 25 行.
NOTIC: [2] Invalid argument supplied for foreach() D:\phpStudy\WWW\flsystem\Application\Manage\Controller\AuthController.class.php 第 25 行.
NOTIC: [2] Invalid argument supplied for foreach() D:\phpStudy\WWW\flsystem\Application\Manage\Controller\AuthController.class.php 第 25 行.
NOTIC: [2] Invalid argument supplied for foreach() D:\phpStudy\WWW\flsystem\Application\Manage\Controller\AuthController.class.php 第 25 行.
NOTIC: [2] Invalid argument supplied for foreach() D:\phpStudy\WWW\flsystem\Application\Manage\Controller\AuthController.class.php 第 25 行.
NOTIC: [2] Invalid argument supplied for foreach() D:\phpStudy\WWW\flsystem\Application\Manage\Controller\AuthController.class.php 第 25 行.
NOTIC: [2] Invalid argument supplied for foreach() D:\phpStudy\WWW\flsystem\Application\Manage\Controller\AuthController.class.php 第 25 行.
NOTIC: [2] Invalid argument supplied for foreach() D:\phpStudy\WWW\flsystem\Application\Manage\Controller\AuthController.class.php 第 25 行.
NOTIC: [2] Invalid argument supplied for foreach() D:\phpStudy\WWW\flsystem\Application\Manage\Controller\AuthController.class.php 第 25 行.
NOTIC: [2] Invalid argument supplied for foreach() D:\phpStudy\WWW\flsystem\Application\Manage\Controller\AuthController.class.php 第 25 行.
NOTIC: [2] Invalid argument supplied for foreach() D:\phpStudy\WWW\flsystem\Application\Manage\Controller\AuthController.class.php 第 25 行.
NOTIC: [2] Invalid argument supplied for foreach() D:\phpStudy\WWW\flsystem\Application\Manage\Controller\AuthController.class.php 第 25 行.
NOTIC: [2] Invalid argument supplied for foreach() D:\phpStudy\WWW\flsystem\Application\Manage\Controller\AuthController.class.php 第 25 行.
INFO: [ view_parse ] --START--
INFO: [ template_filter ] --START--
INFO: Run Behavior\ContentReplaceBehavior [ RunTime:0.000078s ]
INFO: [ template_filter ] --END-- [ RunTime:0.000239s ]
INFO: Run Behavior\ParseTemplateBehavior [ RunTime:0.007627s ]
INFO: [ view_parse ] --END-- [ RunTime:0.007677s ]
INFO: [ view_filter ] --START--
INFO: Run Behavior\WriteHtmlCacheBehavior [ RunTime:0.000383s ]
INFO: [ view_filter ] --END-- [ RunTime:0.000419s ]
INFO: [ app_end ] --START--
INFO: Run Behavior\ShowPageTraceBehavior [ RunTime:0.000749s ]
INFO: [ app_end ] --END-- [ RunTime:0.000819s ]

[ 2016-06-06T14:07:56+08:00 ] 127.0.0.1 /index.php/Manage/Auth/authList.html
INFO: [ app_init ] --START--
INFO: Run Behavior\BuildLiteBehavior [ RunTime:0.000014s ]
INFO: [ app_init ] --END-- [ RunTime:0.000533s ]
INFO: [ app_begin ] --START--
INFO: Run Behavior\ReadHtmlCacheBehavior [ RunTime:0.000631s ]
INFO: [ app_begin ] --END-- [ RunTime:0.000683s ]
SQL: SHOW COLUMNS FROM `fl_auth_rule` [ RunTime:0.0036s ]
SQL: SELECT * FROM `fl_auth_rule`  [ RunTime:0.0005s ]
NOTIC: [2] Invalid argument supplied for foreach() D:\phpStudy\WWW\flsystem\Application\Manage\Controller\AuthController.class.php 第 25 行.
NOTIC: [2] Invalid argument supplied for foreach() D:\phpStudy\WWW\flsystem\Application\Manage\Controller\AuthController.class.php 第 25 行.
NOTIC: [2] Invalid argument supplied for foreach() D:\phpStudy\WWW\flsystem\Application\Manage\Controller\AuthController.class.php 第 25 行.
NOTIC: [2] Invalid argument supplied for foreach() D:\phpStudy\WWW\flsystem\Application\Manage\Controller\AuthController.class.php 第 25 行.
NOTIC: [2] Invalid argument supplied for foreach() D:\phpStudy\WWW\flsystem\Application\Manage\Controller\AuthController.class.php 第 25 行.
NOTIC: [2] Invalid argument supplied for foreach() D:\phpStudy\WWW\flsystem\Application\Manage\Controller\AuthController.class.php 第 25 行.
NOTIC: [2] Invalid argument supplied for foreach() D:\phpStudy\WWW\flsystem\Application\Manage\Controller\AuthController.class.php 第 25 行.
NOTIC: [2] Invalid argument supplied for foreach() D:\phpStudy\WWW\flsystem\Application\Manage\Controller\AuthController.class.php 第 25 行.
NOTIC: [2] Invalid argument supplied for foreach() D:\phpStudy\WWW\flsystem\Application\Manage\Controller\AuthController.class.php 第 25 行.
NOTIC: [2] Invalid argument supplied for foreach() D:\phpStudy\WWW\flsystem\Application\Manage\Controller\AuthController.class.php 第 25 行.
NOTIC: [2] Invalid argument supplied for foreach() D:\phpStudy\WWW\flsystem\Application\Manage\Controller\AuthController.class.php 第 25 行.
NOTIC: [2] Invalid argument supplied for foreach() D:\phpStudy\WWW\flsystem\Application\Manage\Controller\AuthController.class.php 第 25 行.
NOTIC: [2] Invalid argument supplied for foreach() D:\phpStudy\WWW\flsystem\Application\Manage\Controller\AuthController.class.php 第 25 行.
NOTIC: [2] Invalid argument supplied for foreach() D:\phpStudy\WWW\flsystem\Application\Manage\Controller\AuthController.class.php 第 25 行.
NOTIC: [2] Invalid argument supplied for foreach() D:\phpStudy\WWW\flsystem\Application\Manage\Controller\AuthController.class.php 第 25 行.
INFO: [ view_parse ] --START--
INFO: [ template_filter ] --START--
INFO: Run Behavior\ContentReplaceBehavior [ RunTime:0.000060s ]
INFO: [ template_filter ] --END-- [ RunTime:0.000102s ]
INFO: Run Behavior\ParseTemplateBehavior [ RunTime:0.007350s ]
INFO: [ view_parse ] --END-- [ RunTime:0.007399s ]
INFO: [ view_filter ] --START--
INFO: Run Behavior\WriteHtmlCacheBehavior [ RunTime:0.000598s ]
INFO: [ view_filter ] --END-- [ RunTime:0.000648s ]
INFO: [ app_end ] --START--
INFO: Run Behavior\ShowPageTraceBehavior [ RunTime:0.001273s ]
INFO: [ app_end ] --END-- [ RunTime:0.001356s ]

[ 2016-06-06T14:07:57+08:00 ] 127.0.0.1 /index.php/Manage/Auth/authList.html
INFO: [ app_init ] --START--
INFO: Run Behavior\BuildLiteBehavior [ RunTime:0.000012s ]
INFO: [ app_init ] --END-- [ RunTime:0.000370s ]
INFO: [ app_begin ] --START--
INFO: Run Behavior\ReadHtmlCacheBehavior [ RunTime:0.000473s ]
INFO: [ app_begin ] --END-- [ RunTime:0.000524s ]
SQL: SHOW COLUMNS FROM `fl_auth_rule` [ RunTime:0.0035s ]
SQL: SELECT * FROM `fl_auth_rule`  [ RunTime:0.0004s ]
NOTIC: [2] Invalid argument supplied for foreach() D:\phpStudy\WWW\flsystem\Application\Manage\Controller\AuthController.class.php 第 25 行.
NOTIC: [2] Invalid argument supplied for foreach() D:\phpStudy\WWW\flsystem\Application\Manage\Controller\AuthController.class.php 第 25 行.
NOTIC: [2] Invalid argument supplied for foreach() D:\phpStudy\WWW\flsystem\Application\Manage\Controller\AuthController.class.php 第 25 行.
NOTIC: [2] Invalid argument supplied for foreach() D:\phpStudy\WWW\flsystem\Application\Manage\Controller\AuthController.class.php 第 25 行.
NOTIC: [2] Invalid argument supplied for foreach() D:\phpStudy\WWW\flsystem\Application\Manage\Controller\AuthController.class.php 第 25 行.
NOTIC: [2] Invalid argument supplied for foreach() D:\phpStudy\WWW\flsystem\Application\Manage\Controller\AuthController.class.php 第 25 行.
NOTIC: [2] Invalid argument supplied for foreach() D:\phpStudy\WWW\flsystem\Application\Manage\Controller\AuthController.class.php 第 25 行.
NOTIC: [2] Invalid argument supplied for foreach() D:\phpStudy\WWW\flsystem\Application\Manage\Controller\AuthController.class.php 第 25 行.
NOTIC: [2] Invalid argument supplied for foreach() D:\phpStudy\WWW\flsystem\Application\Manage\Controller\AuthController.class.php 第 25 行.
NOTIC: [2] Invalid argument supplied for foreach() D:\phpStudy\WWW\flsystem\Application\Manage\Controller\AuthController.class.php 第 25 行.
NOTIC: [2] Invalid argument supplied for foreach() D:\phpStudy\WWW\flsystem\Application\Manage\Controller\AuthController.class.php 第 25 行.
NOTIC: [2] Invalid argument supplied for foreach() D:\phpStudy\WWW\flsystem\Application\Manage\Controller\AuthController.class.php 第 25 行.
NOTIC: [2] Invalid argument supplied for foreach() D:\phpStudy\WWW\flsystem\Application\Manage\Controller\AuthController.class.php 第 25 行.
NOTIC: [2] Invalid argument supplied for foreach() D:\phpStudy\WWW\flsystem\Application\Manage\Controller\AuthController.class.php 第 25 行.
NOTIC: [2] Invalid argument supplied for foreach() D:\phpStudy\WWW\flsystem\Application\Manage\Controller\AuthController.class.php 第 25 行.
INFO: [ view_parse ] --START--
INFO: [ template_filter ] --START--
INFO: Run Behavior\ContentReplaceBehavior [ RunTime:0.000066s ]
INFO: [ template_filter ] --END-- [ RunTime:0.000115s ]
INFO: Run Behavior\ParseTemplateBehavior [ RunTime:0.007757s ]
INFO: [ view_parse ] --END-- [ RunTime:0.007803s ]
INFO: [ view_filter ] --START--
INFO: Run Behavior\WriteHtmlCacheBehavior [ RunTime:0.000315s ]
INFO: [ view_filter ] --END-- [ RunTime:0.000350s ]
INFO: [ app_end ] --START--
INFO: Run Behavior\ShowPageTraceBehavior [ RunTime:0.000797s ]
INFO: [ app_end ] --END-- [ RunTime:0.000880s ]

[ 2016-06-06T14:07:59+08:00 ] 127.0.0.1 /index.php/Manage/Index/index.html
INFO: [ app_init ] --START--
INFO: Run Behavior\BuildLiteBehavior [ RunTime:0.000012s ]
INFO: [ app_init ] --END-- [ RunTime:0.000489s ]
INFO: [ app_begin ] --START--
INFO: Run Behavior\ReadHtmlCacheBehavior [ RunTime:0.000624s ]
INFO: [ app_begin ] --END-- [ RunTime:0.000672s ]
INFO: [ view_parse ] --START--
INFO: [ template_filter ] --START--
INFO: Run Behavior\ContentReplaceBehavior [ RunTime:0.000055s ]
INFO: [ template_filter ] --END-- [ RunTime:0.000101s ]
INFO: Run Behavior\ParseTemplateBehavior [ RunTime:0.007274s ]
INFO: [ view_parse ] --END-- [ RunTime:0.007323s ]
INFO: [ view_filter ] --START--
INFO: Run Behavior\WriteHtmlCacheBehavior [ RunTime:0.000446s ]
INFO: [ view_filter ] --END-- [ RunTime:0.000482s ]
INFO: [ app_end ] --START--
INFO: Run Behavior\ShowPageTraceBehavior [ RunTime:0.000600s ]
INFO: [ app_end ] --END-- [ RunTime:0.000639s ]

[ 2016-06-06T14:11:57+08:00 ] 127.0.0.1 /index.php/Manage/Index/index.html
INFO: [ app_init ] --START--
INFO: Run Behavior\BuildLiteBehavior [ RunTime:0.000011s ]
INFO: [ app_init ] --END-- [ RunTime:0.000498s ]
INFO: [ app_begin ] --START--
INFO: Run Behavior\ReadHtmlCacheBehavior [ RunTime:0.000612s ]
INFO: [ app_begin ] --END-- [ RunTime:0.000660s ]
INFO: [ view_parse ] --START--
INFO: [ template_filter ] --START--
INFO: Run Behavior\ContentReplaceBehavior [ RunTime:0.000057s ]
INFO: [ template_filter ] --END-- [ RunTime:0.000101s ]
INFO: Run Behavior\ParseTemplateBehavior [ RunTime:0.007438s ]
INFO: [ view_parse ] --END-- [ RunTime:0.007489s ]
INFO: [ view_filter ] --START--
INFO: Run Behavior\WriteHtmlCacheBehavior [ RunTime:0.000434s ]
INFO: [ view_filter ] --END-- [ RunTime:0.000469s ]
INFO: [ app_end ] --START--
INFO: Run Behavior\ShowPageTraceBehavior [ RunTime:0.000586s ]
INFO: [ app_end ] --END-- [ RunTime:0.000625s ]

[ 2016-06-06T14:11:59+08:00 ] 127.0.0.1 /index.php/Manage/Index/index.html
INFO: [ app_init ] --START--
INFO: Run Behavior\BuildLiteBehavior [ RunTime:0.000013s ]
INFO: [ app_init ] --END-- [ RunTime:0.000434s ]
INFO: [ app_begin ] --START--
INFO: Run Behavior\ReadHtmlCacheBehavior [ RunTime:0.000584s ]
INFO: [ app_begin ] --END-- [ RunTime:0.000639s ]
INFO: [ view_parse ] --START--
INFO: [ template_filter ] --START--
INFO: Run Behavior\ContentReplaceBehavior [ RunTime:0.000062s ]
INFO: [ template_filter ] --END-- [ RunTime:0.000112s ]
INFO: Run Behavior\ParseTemplateBehavior [ RunTime:0.008241s ]
INFO: [ view_parse ] --END-- [ RunTime:0.008296s ]
INFO: [ view_filter ] --START--
INFO: Run Behavior\WriteHtmlCacheBehavior [ RunTime:0.000415s ]
INFO: [ view_filter ] --END-- [ RunTime:0.000464s ]
INFO: [ app_end ] --START--
INFO: Run Behavior\ShowPageTraceBehavior [ RunTime:0.000547s ]
INFO: [ app_end ] --END-- [ RunTime:0.000590s ]

[ 2016-06-06T14:12:16+08:00 ] 127.0.0.1 /index.php/Manage/Index/index.html
INFO: [ app_init ] --START--
INFO: Run Behavior\BuildLiteBehavior [ RunTime:0.000012s ]
INFO: [ app_init ] --END-- [ RunTime:0.000459s ]
INFO: [ app_begin ] --START--
INFO: Run Behavior\ReadHtmlCacheBehavior [ RunTime:0.000518s ]
INFO: [ app_begin ] --END-- [ RunTime:0.000574s ]
INFO: [ view_parse ] --START--
INFO: [ template_filter ] --START--
INFO: Run Behavior\ContentReplaceBehavior [ RunTime:0.000061s ]
INFO: [ template_filter ] --END-- [ RunTime:0.000123s ]
INFO: Run Behavior\ParseTemplateBehavior [ RunTime:0.007021s ]
INFO: [ view_parse ] --END-- [ RunTime:0.007073s ]
INFO: [ view_filter ] --START--
INFO: Run Behavior\WriteHtmlCacheBehavior [ RunTime:0.000371s ]
INFO: [ view_filter ] --END-- [ RunTime:0.000406s ]
INFO: [ app_end ] --START--
INFO: Run Behavior\ShowPageTraceBehavior [ RunTime:0.000530s ]
INFO: [ app_end ] --END-- [ RunTime:0.000568s ]

[ 2016-06-06T14:12:23+08:00 ] 127.0.0.1 /index.php/Manage/Auth/authList.html
INFO: [ app_init ] --START--
INFO: Run Behavior\BuildLiteBehavior [ RunTime:0.000014s ]
INFO: [ app_init ] --END-- [ RunTime:0.000444s ]
INFO: [ app_begin ] --START--
INFO: Run Behavior\ReadHtmlCacheBehavior [ RunTime:0.000648s ]
INFO: [ app_begin ] --END-- [ RunTime:0.000706s ]
SQL: SHOW COLUMNS FROM `fl_auth_rule` [ RunTime:0.0036s ]
SQL: SELECT * FROM `fl_auth_rule`  [ RunTime:0.0005s ]
NOTIC: [2] Invalid argument supplied for foreach() D:\phpStudy\WWW\flsystem\Application\Manage\Controller\AuthController.class.php 第 25 行.
NOTIC: [2] Invalid argument supplied for foreach() D:\phpStudy\WWW\flsystem\Application\Manage\Controller\AuthController.class.php 第 25 行.
NOTIC: [2] Invalid argument supplied for foreach() D:\phpStudy\WWW\flsystem\Application\Manage\Controller\AuthController.class.php 第 25 行.
NOTIC: [2] Invalid argument supplied for foreach() D:\phpStudy\WWW\flsystem\Application\Manage\Controller\AuthController.class.php 第 25 行.
NOTIC: [2] Invalid argument supplied for foreach() D:\phpStudy\WWW\flsystem\Application\Manage\Controller\AuthController.class.php 第 25 行.
NOTIC: [2] Invalid argument supplied for foreach() D:\phpStudy\WWW\flsystem\Application\Manage\Controller\AuthController.class.php 第 25 行.
NOTIC: [2] Invalid argument supplied for foreach() D:\phpStudy\WWW\flsystem\Application\Manage\Controller\AuthController.class.php 第 25 行.
NOTIC: [2] Invalid argument supplied for foreach() D:\phpStudy\WWW\flsystem\Application\Manage\Controller\AuthController.class.php 第 25 行.
NOTIC: [2] Invalid argument supplied for foreach() D:\phpStudy\WWW\flsystem\Application\Manage\Controller\AuthController.class.php 第 25 行.
NOTIC: [2] Invalid argument supplied for foreach() D:\phpStudy\WWW\flsystem\Application\Manage\Controller\AuthController.class.php 第 25 行.
NOTIC: [2] Invalid argument supplied for foreach() D:\phpStudy\WWW\flsystem\Application\Manage\Controller\AuthController.class.php 第 25 行.
NOTIC: [2] Invalid argument supplied for foreach() D:\phpStudy\WWW\flsystem\Application\Manage\Controller\AuthController.class.php 第 25 行.
NOTIC: [2] Invalid argument supplied for foreach() D:\phpStudy\WWW\flsystem\Application\Manage\Controller\AuthController.class.php 第 25 行.
NOTIC: [2] Invalid argument supplied for foreach() D:\phpStudy\WWW\flsystem\Application\Manage\Controller\AuthController.class.php 第 25 行.
NOTIC: [2] Invalid argument supplied for foreach() D:\phpStudy\WWW\flsystem\Application\Manage\Controller\AuthController.class.php 第 25 行.
INFO: [ view_parse ] --START--
INFO: [ template_filter ] --START--
INFO: Run Behavior\ContentReplaceBehavior [ RunTime:0.000064s ]
INFO: [ template_filter ] --END-- [ RunTime:0.000108s ]
INFO: Run Behavior\ParseTemplateBehavior [ RunTime:0.008736s ]
INFO: [ view_parse ] --END-- [ RunTime:0.008783s ]
INFO: [ view_filter ] --START--
INFO: Run Behavior\WriteHtmlCacheBehavior [ RunTime:0.000440s ]
INFO: [ view_filter ] --END-- [ RunTime:0.000475s ]
INFO: [ app_end ] --START--
INFO: Run Behavior\ShowPageTraceBehavior [ RunTime:0.000767s ]
INFO: [ app_end ] --END-- [ RunTime:0.000853s ]

[ 2016-06-06T14:12:26+08:00 ] 127.0.0.1 /index.php/Manage/Auth/authGroupList.html
INFO: [ app_init ] --START--
INFO: Run Behavior\BuildLiteBehavior [ RunTime:0.000013s ]
INFO: [ app_init ] --END-- [ RunTime:0.000462s ]
INFO: [ app_begin ] --START--
INFO: Run Behavior\ReadHtmlCacheBehavior [ RunTime:0.000507s ]
INFO: [ app_begin ] --END-- [ RunTime:0.000563s ]
NOTIC: [2048] Declaration of Manage\Model\AuthGroupModel::getList() should be compatible with Common\Model\CommonModel::getList($map = Array, $sort = 'create_tim...') D:\phpStudy\WWW\flsystem\Application\Manage\Model\AuthGroupModel.class.php 第 10 行.
NOTIC: [2048] Declaration of Manage\Model\AuthGroupModel::getTree() should be compatible with Common\Model\CommonModel::getTree($map = Array) D:\phpStudy\WWW\flsystem\Application\Manage\Model\AuthGroupModel.class.php 第 10 行.
SQL: SHOW COLUMNS FROM `fl_auth_group` [ RunTime:0.0036s ]
NOTIC: [8] Undefined index: p D:\phpStudy\WWW\flsystem\Application\Common\Model\CommonModel.class.php 第 23 行.
SQL: SELECT * FROM `fl_auth_group` WHERE `status` >= 0 LIMIT 0,10   [ RunTime:0.0004s ]
SQL: SELECT COUNT(*) AS tp_count FROM `fl_auth_group` WHERE `status` >= 0 LIMIT 1   [ RunTime:0.0003s ]
NOTIC: [8] Undefined index: p D:\phpStudy\WWW\flsystem\Application\Manage\Controller\AuthController.class.php 第 86 行.
INFO: [ view_parse ] --START--
INFO: [ template_filter ] --START--
INFO: Run Behavior\ContentReplaceBehavior [ RunTime:0.000065s ]
INFO: [ template_filter ] --END-- [ RunTime:0.000107s ]
NOTIC: [8] Undefined index: search D:\phpStudy\WWW\flsystem\Application\Runtime\Cache\Manage\71ea50d4822615895b6881417485f427.php 第 173 行.
NOTIC: [8] Undefined variable: list D:\phpStudy\WWW\flsystem\Application\Runtime\Cache\Manage\71ea50d4822615895b6881417485f427.php 第 206 行.
INFO: Run Behavior\ParseTemplateBehavior [ RunTime:0.009619s ]
INFO: [ view_parse ] --END-- [ RunTime:0.009664s ]
INFO: [ view_filter ] --START--
INFO: Run Behavior\WriteHtmlCacheBehavior [ RunTime:0.000378s ]
INFO: [ view_filter ] --END-- [ RunTime:0.000412s ]
INFO: [ app_end ] --START--
INFO: Run Behavior\ShowPageTraceBehavior [ RunTime:0.000643s ]
INFO: [ app_end ] --END-- [ RunTime:0.000697s ]

[ 2016-06-06T14:12:45+08:00 ] 127.0.0.1 /index.php/Manage/Auth/authGroupList.html
INFO: [ app_init ] --START--
INFO: Run Behavior\BuildLiteBehavior [ RunTime:0.000012s ]
INFO: [ app_init ] --END-- [ RunTime:0.000460s ]
INFO: [ app_begin ] --START--
INFO: Run Behavior\ReadHtmlCacheBehavior [ RunTime:0.000561s ]
INFO: [ app_begin ] --END-- [ RunTime:0.000610s ]
NOTIC: [2048] Declaration of Manage\Model\AuthGroupModel::getList() should be compatible with Common\Model\CommonModel::getList($map = Array, $sort = 'create_tim...') D:\phpStudy\WWW\flsystem\Application\Manage\Model\AuthGroupModel.class.php 第 10 行.
NOTIC: [2048] Declaration of Manage\Model\AuthGroupModel::getTree() should be compatible with Common\Model\CommonModel::getTree($map = Array) D:\phpStudy\WWW\flsystem\Application\Manage\Model\AuthGroupModel.class.php 第 10 行.
SQL: SHOW COLUMNS FROM `fl_auth_group` [ RunTime:0.0041s ]
NOTIC: [8] Undefined index: p D:\phpStudy\WWW\flsystem\Application\Common\Model\CommonModel.class.php 第 23 行.
SQL: SELECT * FROM `fl_auth_group` WHERE `status` >= 0 LIMIT 0,10   [ RunTime:0.0004s ]
SQL: SELECT COUNT(*) AS tp_count FROM `fl_auth_group` WHERE `status` >= 0 LIMIT 1   [ RunTime:0.0003s ]
NOTIC: [8] Undefined index: p D:\phpStudy\WWW\flsystem\Application\Manage\Controller\AuthController.class.php 第 86 行.
INFO: [ view_parse ] --START--
INFO: [ template_filter ] --START--
INFO: Run Behavior\ContentReplaceBehavior [ RunTime:0.000060s ]
INFO: [ template_filter ] --END-- [ RunTime:0.000102s ]
NOTIC: [8] Undefined index: search D:\phpStudy\WWW\flsystem\Application\Runtime\Cache\Manage\71ea50d4822615895b6881417485f427.php 第 159 行.
NOTIC: [8] Undefined variable: list D:\phpStudy\WWW\flsystem\Application\Runtime\Cache\Manage\71ea50d4822615895b6881417485f427.php 第 192 行.
INFO: Run Behavior\ParseTemplateBehavior [ RunTime:0.008634s ]
INFO: [ view_parse ] --END-- [ RunTime:0.008678s ]
INFO: [ view_filter ] --START--
INFO: Run Behavior\WriteHtmlCacheBehavior [ RunTime:0.000395s ]
INFO: [ view_filter ] --END-- [ RunTime:0.000432s ]
INFO: [ app_end ] --START--
INFO: Run Behavior\ShowPageTraceBehavior [ RunTime:0.000661s ]
INFO: [ app_end ] --END-- [ RunTime:0.000716s ]

[ 2016-06-06T14:12:47+08:00 ] 127.0.0.1 /index.php/Manage/Auth/authList.html
INFO: [ app_init ] --START--
INFO: Run Behavior\BuildLiteBehavior [ RunTime:0.000013s ]
INFO: [ app_init ] --END-- [ RunTime:0.000422s ]
INFO: [ app_begin ] --START--
INFO: Run Behavior\ReadHtmlCacheBehavior [ RunTime:0.000549s ]
INFO: [ app_begin ] --END-- [ RunTime:0.000599s ]
SQL: SHOW COLUMNS FROM `fl_auth_rule` [ RunTime:0.0040s ]
SQL: SELECT * FROM `fl_auth_rule`  [ RunTime:0.0005s ]
NOTIC: [2] Invalid argument supplied for foreach() D:\phpStudy\WWW\flsystem\Application\Manage\Controller\AuthController.class.php 第 25 行.
NOTIC: [2] Invalid argument supplied for foreach() D:\phpStudy\WWW\flsystem\Application\Manage\Controller\AuthController.class.php 第 25 行.
NOTIC: [2] Invalid argument supplied for foreach() D:\phpStudy\WWW\flsystem\Application\Manage\Controller\AuthController.class.php 第 25 行.
NOTIC: [2] Invalid argument supplied for foreach() D:\phpStudy\WWW\flsystem\Application\Manage\Controller\AuthController.class.php 第 25 行.
NOTIC: [2] Invalid argument supplied for foreach() D:\phpStudy\WWW\flsystem\Application\Manage\Controller\AuthController.class.php 第 25 行.
NOTIC: [2] Invalid argument supplied for foreach() D:\phpStudy\WWW\flsystem\Application\Manage\Controller\AuthController.class.php 第 25 行.
NOTIC: [2] Invalid argument supplied for foreach() D:\phpStudy\WWW\flsystem\Application\Manage\Controller\AuthController.class.php 第 25 行.
NOTIC: [2] Invalid argument supplied for foreach() D:\phpStudy\WWW\flsystem\Application\Manage\Controller\AuthController.class.php 第 25 行.
NOTIC: [2] Invalid argument supplied for foreach() D:\phpStudy\WWW\flsystem\Application\Manage\Controller\AuthController.class.php 第 25 行.
NOTIC: [2] Invalid argument supplied for foreach() D:\phpStudy\WWW\flsystem\Application\Manage\Controller\AuthController.class.php 第 25 行.
NOTIC: [2] Invalid argument supplied for foreach() D:\phpStudy\WWW\flsystem\Application\Manage\Controller\AuthController.class.php 第 25 行.
NOTIC: [2] Invalid argument supplied for foreach() D:\phpStudy\WWW\flsystem\Application\Manage\Controller\AuthController.class.php 第 25 行.
NOTIC: [2] Invalid argument supplied for foreach() D:\phpStudy\WWW\flsystem\Application\Manage\Controller\AuthController.class.php 第 25 行.
NOTIC: [2] Invalid argument supplied for foreach() D:\phpStudy\WWW\flsystem\Application\Manage\Controller\AuthController.class.php 第 25 行.
NOTIC: [2] Invalid argument supplied for foreach() D:\phpStudy\WWW\flsystem\Application\Manage\Controller\AuthController.class.php 第 25 行.
INFO: [ view_parse ] --START--
INFO: [ template_filter ] --START--
INFO: Run Behavior\ContentReplaceBehavior [ RunTime:0.000066s ]
INFO: [ template_filter ] --END-- [ RunTime:0.000112s ]
INFO: Run Behavior\ParseTemplateBehavior [ RunTime:0.008965s ]
INFO: [ view_parse ] --END-- [ RunTime:0.009024s ]
INFO: [ view_filter ] --START--
INFO: Run Behavior\WriteHtmlCacheBehavior [ RunTime:0.000380s ]
INFO: [ view_filter ] --END-- [ RunTime:0.000416s ]
INFO: [ app_end ] --START--
INFO: Run Behavior\ShowPageTraceBehavior [ RunTime:0.000875s ]
INFO: [ app_end ] --END-- [ RunTime:0.000964s ]

[ 2016-06-06T14:12:48+08:00 ] 127.0.0.1 /index.php/Manage/Auth/authGroupList.html
INFO: [ app_init ] --START--
INFO: Run Behavior\BuildLiteBehavior [ RunTime:0.000014s ]
INFO: [ app_init ] --END-- [ RunTime:0.000394s ]
INFO: [ app_begin ] --START--
INFO: Run Behavior\ReadHtmlCacheBehavior [ RunTime:0.000474s ]
INFO: [ app_begin ] --END-- [ RunTime:0.000527s ]
NOTIC: [2048] Declaration of Manage\Model\AuthGroupModel::getList() should be compatible with Common\Model\CommonModel::getList($map = Array, $sort = 'create_tim...') D:\phpStudy\WWW\flsystem\Application\Manage\Model\AuthGroupModel.class.php 第 10 行.
NOTIC: [2048] Declaration of Manage\Model\AuthGroupModel::getTree() should be compatible with Common\Model\CommonModel::getTree($map = Array) D:\phpStudy\WWW\flsystem\Application\Manage\Model\AuthGroupModel.class.php 第 10 行.
SQL: SHOW COLUMNS FROM `fl_auth_group` [ RunTime:0.0035s ]
NOTIC: [8] Undefined index: p D:\phpStudy\WWW\flsystem\Application\Common\Model\CommonModel.class.php 第 23 行.
SQL: SELECT * FROM `fl_auth_group` WHERE `status` >= 0 LIMIT 0,10   [ RunTime:0.0004s ]
SQL: SELECT COUNT(*) AS tp_count FROM `fl_auth_group` WHERE `status` >= 0 LIMIT 1   [ RunTime:0.0003s ]
NOTIC: [8] Undefined index: p D:\phpStudy\WWW\flsystem\Application\Manage\Controller\AuthController.class.php 第 86 行.
INFO: [ view_parse ] --START--
INFO: [ template_filter ] --START--
INFO: Run Behavior\ContentReplaceBehavior [ RunTime:0.000068s ]
INFO: [ template_filter ] --END-- [ RunTime:0.000118s ]
NOTIC: [8] Undefined index: search D:\phpStudy\WWW\flsystem\Application\Runtime\Cache\Manage\71ea50d4822615895b6881417485f427.php 第 159 行.
NOTIC: [8] Undefined variable: list D:\phpStudy\WWW\flsystem\Application\Runtime\Cache\Manage\71ea50d4822615895b6881417485f427.php 第 192 行.
INFO: Run Behavior\ParseTemplateBehavior [ RunTime:0.010198s ]
INFO: [ view_parse ] --END-- [ RunTime:0.010244s ]
INFO: [ view_filter ] --START--
INFO: Run Behavior\WriteHtmlCacheBehavior [ RunTime:0.000308s ]
INFO: [ view_filter ] --END-- [ RunTime:0.000343s ]
INFO: [ app_end ] --START--
INFO: Run Behavior\ShowPageTraceBehavior [ RunTime:0.000834s ]
INFO: [ app_end ] --END-- [ RunTime:0.000907s ]

[ 2016-06-06T14:12:49+08:00 ] 127.0.0.1 /index.php/Manage/Auth/authList.html
INFO: [ app_init ] --START--
INFO: Run Behavior\BuildLiteBehavior [ RunTime:0.000012s ]
INFO: [ app_init ] --END-- [ RunTime:0.000469s ]
INFO: [ app_begin ] --START--
INFO: Run Behavior\ReadHtmlCacheBehavior [ RunTime:0.000612s ]
INFO: [ app_begin ] --END-- [ RunTime:0.000665s ]
SQL: SHOW COLUMNS FROM `fl_auth_rule` [ RunTime:0.0034s ]
SQL: SELECT * FROM `fl_auth_rule`  [ RunTime:0.0005s ]
NOTIC: [2] Invalid argument supplied for foreach() D:\phpStudy\WWW\flsystem\Application\Manage\Controller\AuthController.class.php 第 25 行.
NOTIC: [2] Invalid argument supplied for foreach() D:\phpStudy\WWW\flsystem\Application\Manage\Controller\AuthController.class.php 第 25 行.
NOTIC: [2] Invalid argument supplied for foreach() D:\phpStudy\WWW\flsystem\Application\Manage\Controller\AuthController.class.php 第 25 行.
NOTIC: [2] Invalid argument supplied for foreach() D:\phpStudy\WWW\flsystem\Application\Manage\Controller\AuthController.class.php 第 25 行.
NOTIC: [2] Invalid argument supplied for foreach() D:\phpStudy\WWW\flsystem\Application\Manage\Controller\AuthController.class.php 第 25 行.
NOTIC: [2] Invalid argument supplied for foreach() D:\phpStudy\WWW\flsystem\Application\Manage\Controller\AuthController.class.php 第 25 行.
NOTIC: [2] Invalid argument supplied for foreach() D:\phpStudy\WWW\flsystem\Application\Manage\Controller\AuthController.class.php 第 25 行.
NOTIC: [2] Invalid argument supplied for foreach() D:\phpStudy\WWW\flsystem\Application\Manage\Controller\AuthController.class.php 第 25 行.
NOTIC: [2] Invalid argument supplied for foreach() D:\phpStudy\WWW\flsystem\Application\Manage\Controller\AuthController.class.php 第 25 行.
NOTIC: [2] Invalid argument supplied for foreach() D:\phpStudy\WWW\flsystem\Application\Manage\Controller\AuthController.class.php 第 25 行.
NOTIC: [2] Invalid argument supplied for foreach() D:\phpStudy\WWW\flsystem\Application\Manage\Controller\AuthController.class.php 第 25 行.
NOTIC: [2] Invalid argument supplied for foreach() D:\phpStudy\WWW\flsystem\Application\Manage\Controller\AuthController.class.php 第 25 行.
NOTIC: [2] Invalid argument supplied for foreach() D:\phpStudy\WWW\flsystem\Application\Manage\Controller\AuthController.class.php 第 25 行.
NOTIC: [2] Invalid argument supplied for foreach() D:\phpStudy\WWW\flsystem\Application\Manage\Controller\AuthController.class.php 第 25 行.
NOTIC: [2] Invalid argument supplied for foreach() D:\phpStudy\WWW\flsystem\Application\Manage\Controller\AuthController.class.php 第 25 行.
INFO: [ view_parse ] --START--
INFO: [ template_filter ] --START--
INFO: Run Behavior\ContentReplaceBehavior [ RunTime:0.000063s ]
INFO: [ template_filter ] --END-- [ RunTime:0.000106s ]
INFO: Run Behavior\ParseTemplateBehavior [ RunTime:0.008763s ]
INFO: [ view_parse ] --END-- [ RunTime:0.008810s ]
INFO: [ view_filter ] --START--
INFO: Run Behavior\WriteHtmlCacheBehavior [ RunTime:0.000362s ]
INFO: [ view_filter ] --END-- [ RunTime:0.000398s ]
INFO: [ app_end ] --START--
INFO: Run Behavior\ShowPageTraceBehavior [ RunTime:0.000790s ]
INFO: [ app_end ] --END-- [ RunTime:0.000859s ]

[ 2016-06-06T14:12:50+08:00 ] 127.0.0.1 /index.php/Manage/Auth/authGroupList.html
INFO: [ app_init ] --START--
INFO: Run Behavior\BuildLiteBehavior [ RunTime:0.000016s ]
INFO: [ app_init ] --END-- [ RunTime:0.000532s ]
INFO: [ app_begin ] --START--
INFO: Run Behavior\ReadHtmlCacheBehavior [ RunTime:0.000610s ]
INFO: [ app_begin ] --END-- [ RunTime:0.000667s ]
NOTIC: [2048] Declaration of Manage\Model\AuthGroupModel::getList() should be compatible with Common\Model\CommonModel::getList($map = Array, $sort = 'create_tim...') D:\phpStudy\WWW\flsystem\Application\Manage\Model\AuthGroupModel.class.php 第 10 行.
NOTIC: [2048] Declaration of Manage\Model\AuthGroupModel::getTree() should be compatible with Common\Model\CommonModel::getTree($map = Array) D:\phpStudy\WWW\flsystem\Application\Manage\Model\AuthGroupModel.class.php 第 10 行.
SQL: SHOW COLUMNS FROM `fl_auth_group` [ RunTime:0.0036s ]
NOTIC: [8] Undefined index: p D:\phpStudy\WWW\flsystem\Application\Common\Model\CommonModel.class.php 第 23 行.
SQL: SELECT * FROM `fl_auth_group` WHERE `status` >= 0 LIMIT 0,10   [ RunTime:0.0004s ]
SQL: SELECT COUNT(*) AS tp_count FROM `fl_auth_group` WHERE `status` >= 0 LIMIT 1   [ RunTime:0.0004s ]
NOTIC: [8] Undefined index: p D:\phpStudy\WWW\flsystem\Application\Manage\Controller\AuthController.class.php 第 86 行.
INFO: [ view_parse ] --START--
INFO: [ template_filter ] --START--
INFO: Run Behavior\ContentReplaceBehavior [ RunTime:0.000075s ]
INFO: [ template_filter ] --END-- [ RunTime:0.000144s ]
NOTIC: [8] Undefined index: search D:\phpStudy\WWW\flsystem\Application\Runtime\Cache\Manage\71ea50d4822615895b6881417485f427.php 第 159 行.
NOTIC: [8] Undefined variable: list D:\phpStudy\WWW\flsystem\Application\Runtime\Cache\Manage\71ea50d4822615895b6881417485f427.php 第 192 行.
INFO: Run Behavior\ParseTemplateBehavior [ RunTime:0.009117s ]
INFO: [ view_parse ] --END-- [ RunTime:0.009162s ]
INFO: [ view_filter ] --START--
INFO: Run Behavior\WriteHtmlCacheBehavior [ RunTime:0.000374s ]
INFO: [ view_filter ] --END-- [ RunTime:0.000409s ]
INFO: [ app_end ] --START--
INFO: Run Behavior\ShowPageTraceBehavior [ RunTime:0.000714s ]
INFO: [ app_end ] --END-- [ RunTime:0.000773s ]

[ 2016-06-06T14:12:57+08:00 ] 127.0.0.1 /index.php/Manage/Index/index.html
INFO: [ app_init ] --START--
INFO: Run Behavior\BuildLiteBehavior [ RunTime:0.000013s ]
INFO: [ app_init ] --END-- [ RunTime:0.000456s ]
INFO: [ app_begin ] --START--
INFO: Run Behavior\ReadHtmlCacheBehavior [ RunTime:0.000544s ]
INFO: [ app_begin ] --END-- [ RunTime:0.000592s ]
INFO: [ view_parse ] --START--
INFO: [ template_filter ] --START--
INFO: Run Behavior\ContentReplaceBehavior [ RunTime:0.000054s ]
INFO: [ template_filter ] --END-- [ RunTime:0.000099s ]
INFO: Run Behavior\ParseTemplateBehavior [ RunTime:0.007612s ]
INFO: [ view_parse ] --END-- [ RunTime:0.007659s ]
INFO: [ view_filter ] --START--
INFO: Run Behavior\WriteHtmlCacheBehavior [ RunTime:0.000379s ]
INFO: [ view_filter ] --END-- [ RunTime:0.000414s ]
INFO: [ app_end ] --START--
INFO: Run Behavior\ShowPageTraceBehavior [ RunTime:0.000617s ]
INFO: [ app_end ] --END-- [ RunTime:0.000656s ]

[ 2016-06-06T14:15:28+08:00 ] 127.0.0.1 /index.php/Manage/Index/index.html
INFO: [ app_init ] --START--
INFO: Run Behavior\BuildLiteBehavior [ RunTime:0.000023s ]
INFO: [ app_init ] --END-- [ RunTime:0.000776s ]
INFO: [ app_begin ] --START--
INFO: Run Behavior\ReadHtmlCacheBehavior [ RunTime:0.001030s ]
INFO: [ app_begin ] --END-- [ RunTime:0.001123s ]
INFO: [ view_parse ] --START--
INFO: [ template_filter ] --START--
INFO: Run Behavior\ContentReplaceBehavior [ RunTime:0.000110s ]
INFO: [ template_filter ] --END-- [ RunTime:0.000195s ]
INFO: Run Behavior\ParseTemplateBehavior [ RunTime:0.014074s ]
INFO: [ view_parse ] --END-- [ RunTime:0.014164s ]
INFO: [ view_filter ] --START--
INFO: Run Behavior\WriteHtmlCacheBehavior [ RunTime:0.000660s ]
INFO: [ view_filter ] --END-- [ RunTime:0.000726s ]
INFO: [ app_end ] --START--
INFO: Run Behavior\ShowPageTraceBehavior [ RunTime:0.001057s ]
INFO: [ app_end ] --END-- [ RunTime:0.001135s ]

[ 2016-06-06T14:17:03+08:00 ] 127.0.0.1 /index.php/Manage/Index/index.html
INFO: [ app_init ] --START--
INFO: Run Behavior\BuildLiteBehavior [ RunTime:0.000013s ]
INFO: [ app_init ] --END-- [ RunTime:0.000509s ]
INFO: [ app_begin ] --START--
INFO: Run Behavior\ReadHtmlCacheBehavior [ RunTime:0.000602s ]
INFO: [ app_begin ] --END-- [ RunTime:0.000650s ]
INFO: [ view_parse ] --START--
INFO: [ template_filter ] --START--
INFO: Run Behavior\ContentReplaceBehavior [ RunTime:0.000058s ]
INFO: [ template_filter ] --END-- [ RunTime:0.000102s ]
INFO: Run Behavior\ParseTemplateBehavior [ RunTime:0.006917s ]
INFO: [ view_parse ] --END-- [ RunTime:0.006966s ]
INFO: [ view_filter ] --START--
INFO: Run Behavior\WriteHtmlCacheBehavior [ RunTime:0.000451s ]
INFO: [ view_filter ] --END-- [ RunTime:0.000498s ]
INFO: [ app_end ] --START--
INFO: Run Behavior\ShowPageTraceBehavior [ RunTime:0.001345s ]
INFO: [ app_end ] --END-- [ RunTime:0.001410s ]

[ 2016-06-06T14:17:06+08:00 ] 127.0.0.1 /index.php/Manage/Auth/authList.html
INFO: [ app_init ] --START--
INFO: Run Behavior\BuildLiteBehavior [ RunTime:0.000012s ]
INFO: [ app_init ] --END-- [ RunTime:0.000471s ]
INFO: [ app_begin ] --START--
INFO: Run Behavior\ReadHtmlCacheBehavior [ RunTime:0.000533s ]
INFO: [ app_begin ] --END-- [ RunTime:0.000580s ]
SQL: SHOW COLUMNS FROM `fl_auth_rule` [ RunTime:0.0037s ]
SQL: SELECT * FROM `fl_auth_rule`  [ RunTime:0.0011s ]
NOTIC: [2] Invalid argument supplied for foreach() D:\phpStudy\WWW\flsystem\Application\Manage\Controller\AuthController.class.php 第 25 行.
NOTIC: [2] Invalid argument supplied for foreach() D:\phpStudy\WWW\flsystem\Application\Manage\Controller\AuthController.class.php 第 25 行.
NOTIC: [2] Invalid argument supplied for foreach() D:\phpStudy\WWW\flsystem\Application\Manage\Controller\AuthController.class.php 第 25 行.
NOTIC: [2] Invalid argument supplied for foreach() D:\phpStudy\WWW\flsystem\Application\Manage\Controller\AuthController.class.php 第 25 行.
NOTIC: [2] Invalid argument supplied for foreach() D:\phpStudy\WWW\flsystem\Application\Manage\Controller\AuthController.class.php 第 25 行.
NOTIC: [2] Invalid argument supplied for foreach() D:\phpStudy\WWW\flsystem\Application\Manage\Controller\AuthController.class.php 第 25 行.
NOTIC: [2] Invalid argument supplied for foreach() D:\phpStudy\WWW\flsystem\Application\Manage\Controller\AuthController.class.php 第 25 行.
NOTIC: [2] Invalid argument supplied for foreach() D:\phpStudy\WWW\flsystem\Application\Manage\Controller\AuthController.class.php 第 25 行.
NOTIC: [2] Invalid argument supplied for foreach() D:\phpStudy\WWW\flsystem\Application\Manage\Controller\AuthController.class.php 第 25 行.
NOTIC: [2] Invalid argument supplied for foreach() D:\phpStudy\WWW\flsystem\Application\Manage\Controller\AuthController.class.php 第 25 行.
NOTIC: [2] Invalid argument supplied for foreach() D:\phpStudy\WWW\flsystem\Application\Manage\Controller\AuthController.class.php 第 25 行.
NOTIC: [2] Invalid argument supplied for foreach() D:\phpStudy\WWW\flsystem\Application\Manage\Controller\AuthController.class.php 第 25 行.
NOTIC: [2] Invalid argument supplied for foreach() D:\phpStudy\WWW\flsystem\Application\Manage\Controller\AuthController.class.php 第 25 行.
NOTIC: [2] Invalid argument supplied for foreach() D:\phpStudy\WWW\flsystem\Application\Manage\Controller\AuthController.class.php 第 25 行.
NOTIC: [2] Invalid argument supplied for foreach() D:\phpStudy\WWW\flsystem\Application\Manage\Controller\AuthController.class.php 第 25 行.
INFO: [ view_parse ] --START--
INFO: [ template_filter ] --START--
INFO: Run Behavior\ContentReplaceBehavior [ RunTime:0.000062s ]
INFO: [ template_filter ] --END-- [ RunTime:0.000105s ]
INFO: Run Behavior\ParseTemplateBehavior [ RunTime:0.007918s ]
INFO: [ view_parse ] --END-- [ RunTime:0.007967s ]
INFO: [ view_filter ] --START--
INFO: Run Behavior\WriteHtmlCacheBehavior [ RunTime:0.000375s ]
INFO: [ view_filter ] --END-- [ RunTime:0.000409s ]
INFO: [ app_end ] --START--
INFO: Run Behavior\ShowPageTraceBehavior [ RunTime:0.000826s ]
INFO: [ app_end ] --END-- [ RunTime:0.000886s ]

[ 2016-06-06T14:17:09+08:00 ] 127.0.0.1 /index.php/Manage/Auth/authGroupList.html
INFO: [ app_init ] --START--
INFO: Run Behavior\BuildLiteBehavior [ RunTime:0.000012s ]
INFO: [ app_init ] --END-- [ RunTime:0.000442s ]
INFO: [ app_begin ] --START--
INFO: Run Behavior\ReadHtmlCacheBehavior [ RunTime:0.000538s ]
INFO: [ app_begin ] --END-- [ RunTime:0.000587s ]
NOTIC: [2048] Declaration of Manage\Model\AuthGroupModel::getList() should be compatible with Common\Model\CommonModel::getList($map = Array, $sort = 'create_tim...') D:\phpStudy\WWW\flsystem\Application\Manage\Model\AuthGroupModel.class.php 第 10 行.
NOTIC: [2048] Declaration of Manage\Model\AuthGroupModel::getTree() should be compatible with Common\Model\CommonModel::getTree($map = Array) D:\phpStudy\WWW\flsystem\Application\Manage\Model\AuthGroupModel.class.php 第 10 行.
SQL: SHOW COLUMNS FROM `fl_auth_group` [ RunTime:0.0034s ]
NOTIC: [8] Undefined index: p D:\phpStudy\WWW\flsystem\Application\Common\Model\CommonModel.class.php 第 23 行.
SQL: SELECT * FROM `fl_auth_group` WHERE `status` >= 0 LIMIT 0,10   [ RunTime:0.0004s ]
SQL: SELECT COUNT(*) AS tp_count FROM `fl_auth_group` WHERE `status` >= 0 LIMIT 1   [ RunTime:0.0003s ]
NOTIC: [8] Undefined index: p D:\phpStudy\WWW\flsystem\Application\Manage\Controller\AuthController.class.php 第 86 行.
INFO: [ view_parse ] --START--
INFO: [ template_filter ] --START--
INFO: Run Behavior\ContentReplaceBehavior [ RunTime:0.000071s ]
INFO: [ template_filter ] --END-- [ RunTime:0.000119s ]
NOTIC: [8] Undefined index: search D:\phpStudy\WWW\flsystem\Application\Runtime\Cache\Manage\71ea50d4822615895b6881417485f427.php 第 159 行.
NOTIC: [8] Undefined variable: list D:\phpStudy\WWW\flsystem\Application\Runtime\Cache\Manage\71ea50d4822615895b6881417485f427.php 第 192 行.
INFO: Run Behavior\ParseTemplateBehavior [ RunTime:0.009326s ]
INFO: [ view_parse ] --END-- [ RunTime:0.009376s ]
INFO: [ view_filter ] --START--
INFO: Run Behavior\WriteHtmlCacheBehavior [ RunTime:0.000368s ]
INFO: [ view_filter ] --END-- [ RunTime:0.000402s ]
INFO: [ app_end ] --START--
INFO: Run Behavior\ShowPageTraceBehavior [ RunTime:0.000793s ]
INFO: [ app_end ] --END-- [ RunTime:0.000846s ]

[ 2016-06-06T14:17:11+08:00 ] 127.0.0.1 /index.php/Manage/Auth/authList.html
INFO: [ app_init ] --START--
INFO: Run Behavior\BuildLiteBehavior [ RunTime:0.000013s ]
INFO: [ app_init ] --END-- [ RunTime:0.000389s ]
INFO: [ app_begin ] --START--
INFO: Run Behavior\ReadHtmlCacheBehavior [ RunTime:0.000491s ]
INFO: [ app_begin ] --END-- [ RunTime:0.000554s ]
SQL: SHOW COLUMNS FROM `fl_auth_rule` [ RunTime:0.0034s ]
SQL: SELECT * FROM `fl_auth_rule`  [ RunTime:0.0005s ]
NOTIC: [2] Invalid argument supplied for foreach() D:\phpStudy\WWW\flsystem\Application\Manage\Controller\AuthController.class.php 第 25 行.
NOTIC: [2] Invalid argument supplied for foreach() D:\phpStudy\WWW\flsystem\Application\Manage\Controller\AuthController.class.php 第 25 行.
NOTIC: [2] Invalid argument supplied for foreach() D:\phpStudy\WWW\flsystem\Application\Manage\Controller\AuthController.class.php 第 25 行.
NOTIC: [2] Invalid argument supplied for foreach() D:\phpStudy\WWW\flsystem\Application\Manage\Controller\AuthController.class.php 第 25 行.
NOTIC: [2] Invalid argument supplied for foreach() D:\phpStudy\WWW\flsystem\Application\Manage\Controller\AuthController.class.php 第 25 行.
NOTIC: [2] Invalid argument supplied for foreach() D:\phpStudy\WWW\flsystem\Application\Manage\Controller\AuthController.class.php 第 25 行.
NOTIC: [2] Invalid argument supplied for foreach() D:\phpStudy\WWW\flsystem\Application\Manage\Controller\AuthController.class.php 第 25 行.
NOTIC: [2] Invalid argument supplied for foreach() D:\phpStudy\WWW\flsystem\Application\Manage\Controller\AuthController.class.php 第 25 行.
NOTIC: [2] Invalid argument supplied for foreach() D:\phpStudy\WWW\flsystem\Application\Manage\Controller\AuthController.class.php 第 25 行.
NOTIC: [2] Invalid argument supplied for foreach() D:\phpStudy\WWW\flsystem\Application\Manage\Controller\AuthController.class.php 第 25 行.
NOTIC: [2] Invalid argument supplied for foreach() D:\phpStudy\WWW\flsystem\Application\Manage\Controller\AuthController.class.php 第 25 行.
NOTIC: [2] Invalid argument supplied for foreach() D:\phpStudy\WWW\flsystem\Application\Manage\Controller\AuthController.class.php 第 25 行.
NOTIC: [2] Invalid argument supplied for foreach() D:\phpStudy\WWW\flsystem\Application\Manage\Controller\AuthController.class.php 第 25 行.
NOTIC: [2] Invalid argument supplied for foreach() D:\phpStudy\WWW\flsystem\Application\Manage\Controller\AuthController.class.php 第 25 行.
NOTIC: [2] Invalid argument supplied for foreach() D:\phpStudy\WWW\flsystem\Application\Manage\Controller\AuthController.class.php 第 25 行.
INFO: [ view_parse ] --START--
INFO: [ template_filter ] --START--
INFO: Run Behavior\ContentReplaceBehavior [ RunTime:0.000068s ]
INFO: [ template_filter ] --END-- [ RunTime:0.000114s ]
INFO: Run Behavior\ParseTemplateBehavior [ RunTime:0.008702s ]
INFO: [ view_parse ] --END-- [ RunTime:0.008758s ]
INFO: [ view_filter ] --START--
INFO: Run Behavior\WriteHtmlCacheBehavior [ RunTime:0.000305s ]
INFO: [ view_filter ] --END-- [ RunTime:0.000340s ]
INFO: [ app_end ] --START--
INFO: Run Behavior\ShowPageTraceBehavior [ RunTime:0.000811s ]
INFO: [ app_end ] --END-- [ RunTime:0.000892s ]

[ 2016-06-06T14:19:45+08:00 ] 127.0.0.1 /index.php/Manage/Auth/authList.html
INFO: [ app_init ] --START--
INFO: Run Behavior\BuildLiteBehavior [ RunTime:0.000016s ]
INFO: [ app_init ] --END-- [ RunTime:0.000523s ]
INFO: [ app_begin ] --START--
INFO: Run Behavior\ReadHtmlCacheBehavior [ RunTime:0.000603s ]
INFO: [ app_begin ] --END-- [ RunTime:0.000652s ]
SQL: SHOW COLUMNS FROM `fl_auth_rule` [ RunTime:0.0043s ]
SQL: SELECT * FROM `fl_auth_rule`  [ RunTime:0.0005s ]
NOTIC: [2] Invalid argument supplied for foreach() D:\phpStudy\WWW\flsystem\Application\Manage\Controller\AuthController.class.php 第 25 行.
NOTIC: [2] Invalid argument supplied for foreach() D:\phpStudy\WWW\flsystem\Application\Manage\Controller\AuthController.class.php 第 25 行.
NOTIC: [2] Invalid argument supplied for foreach() D:\phpStudy\WWW\flsystem\Application\Manage\Controller\AuthController.class.php 第 25 行.
NOTIC: [2] Invalid argument supplied for foreach() D:\phpStudy\WWW\flsystem\Application\Manage\Controller\AuthController.class.php 第 25 行.
NOTIC: [2] Invalid argument supplied for foreach() D:\phpStudy\WWW\flsystem\Application\Manage\Controller\AuthController.class.php 第 25 行.
NOTIC: [2] Invalid argument supplied for foreach() D:\phpStudy\WWW\flsystem\Application\Manage\Controller\AuthController.class.php 第 25 行.
NOTIC: [2] Invalid argument supplied for foreach() D:\phpStudy\WWW\flsystem\Application\Manage\Controller\AuthController.class.php 第 25 行.
NOTIC: [2] Invalid argument supplied for foreach() D:\phpStudy\WWW\flsystem\Application\Manage\Controller\AuthController.class.php 第 25 行.
NOTIC: [2] Invalid argument supplied for foreach() D:\phpStudy\WWW\flsystem\Application\Manage\Controller\AuthController.class.php 第 25 行.
NOTIC: [2] Invalid argument supplied for foreach() D:\phpStudy\WWW\flsystem\Application\Manage\Controller\AuthController.class.php 第 25 行.
NOTIC: [2] Invalid argument supplied for foreach() D:\phpStudy\WWW\flsystem\Application\Manage\Controller\AuthController.class.php 第 25 行.
NOTIC: [2] Invalid argument supplied for foreach() D:\phpStudy\WWW\flsystem\Application\Manage\Controller\AuthController.class.php 第 25 行.
NOTIC: [2] Invalid argument supplied for foreach() D:\phpStudy\WWW\flsystem\Application\Manage\Controller\AuthController.class.php 第 25 行.
NOTIC: [2] Invalid argument supplied for foreach() D:\phpStudy\WWW\flsystem\Application\Manage\Controller\AuthController.class.php 第 25 行.
NOTIC: [2] Invalid argument supplied for foreach() D:\phpStudy\WWW\flsystem\Application\Manage\Controller\AuthController.class.php 第 25 行.
INFO: [ view_parse ] --START--
INFO: [ template_filter ] --START--
INFO: Run Behavior\ContentReplaceBehavior [ RunTime:0.000065s ]
INFO: [ template_filter ] --END-- [ RunTime:0.000110s ]
INFO: Run Behavior\ParseTemplateBehavior [ RunTime:0.008336s ]
INFO: [ view_parse ] --END-- [ RunTime:0.008383s ]
INFO: [ view_filter ] --START--
INFO: Run Behavior\WriteHtmlCacheBehavior [ RunTime:0.000440s ]
INFO: [ view_filter ] --END-- [ RunTime:0.000477s ]
INFO: [ app_end ] --START--
INFO: Run Behavior\ShowPageTraceBehavior [ RunTime:0.001083s ]
INFO: [ app_end ] --END-- [ RunTime:0.001172s ]

[ 2016-06-06T14:21:16+08:00 ] 127.0.0.1 /index.php/Manage/Auth/authList.html
INFO: [ app_init ] --START--
INFO: Run Behavior\BuildLiteBehavior [ RunTime:0.000014s ]
INFO: [ app_init ] --END-- [ RunTime:0.000541s ]
INFO: [ app_begin ] --START--
INFO: Run Behavior\ReadHtmlCacheBehavior [ RunTime:0.000555s ]
INFO: [ app_begin ] --END-- [ RunTime:0.000606s ]
SQL: SHOW COLUMNS FROM `fl_auth_rule` [ RunTime:0.0037s ]
SQL: SELECT * FROM `fl_auth_rule`  [ RunTime:0.0005s ]
NOTIC: [2] Invalid argument supplied for foreach() D:\phpStudy\WWW\flsystem\Application\Manage\Controller\AuthController.class.php 第 25 行.
NOTIC: [2] Invalid argument supplied for foreach() D:\phpStudy\WWW\flsystem\Application\Manage\Controller\AuthController.class.php 第 25 行.
NOTIC: [2] Invalid argument supplied for foreach() D:\phpStudy\WWW\flsystem\Application\Manage\Controller\AuthController.class.php 第 25 行.
NOTIC: [2] Invalid argument supplied for foreach() D:\phpStudy\WWW\flsystem\Application\Manage\Controller\AuthController.class.php 第 25 行.
NOTIC: [2] Invalid argument supplied for foreach() D:\phpStudy\WWW\flsystem\Application\Manage\Controller\AuthController.class.php 第 25 行.
NOTIC: [2] Invalid argument supplied for foreach() D:\phpStudy\WWW\flsystem\Application\Manage\Controller\AuthController.class.php 第 25 行.
NOTIC: [2] Invalid argument supplied for foreach() D:\phpStudy\WWW\flsystem\Application\Manage\Controller\AuthController.class.php 第 25 行.
NOTIC: [2] Invalid argument supplied for foreach() D:\phpStudy\WWW\flsystem\Application\Manage\Controller\AuthController.class.php 第 25 行.
NOTIC: [2] Invalid argument supplied for foreach() D:\phpStudy\WWW\flsystem\Application\Manage\Controller\AuthController.class.php 第 25 行.
NOTIC: [2] Invalid argument supplied for foreach() D:\phpStudy\WWW\flsystem\Application\Manage\Controller\AuthController.class.php 第 25 行.
NOTIC: [2] Invalid argument supplied for foreach() D:\phpStudy\WWW\flsystem\Application\Manage\Controller\AuthController.class.php 第 25 行.
NOTIC: [2] Invalid argument supplied for foreach() D:\phpStudy\WWW\flsystem\Application\Manage\Controller\AuthController.class.php 第 25 行.
NOTIC: [2] Invalid argument supplied for foreach() D:\phpStudy\WWW\flsystem\Application\Manage\Controller\AuthController.class.php 第 25 行.
NOTIC: [2] Invalid argument supplied for foreach() D:\phpStudy\WWW\flsystem\Application\Manage\Controller\AuthController.class.php 第 25 行.
NOTIC: [2] Invalid argument supplied for foreach() D:\phpStudy\WWW\flsystem\Application\Manage\Controller\AuthController.class.php 第 25 行.
INFO: [ view_parse ] --START--
INFO: [ template_filter ] --START--
INFO: Run Behavior\ContentReplaceBehavior [ RunTime:0.000062s ]
INFO: [ template_filter ] --END-- [ RunTime:0.000106s ]
INFO: Run Behavior\ParseTemplateBehavior [ RunTime:0.008385s ]
INFO: [ view_parse ] --END-- [ RunTime:0.008432s ]
INFO: [ view_filter ] --START--
INFO: Run Behavior\WriteHtmlCacheBehavior [ RunTime:0.000411s ]
INFO: [ view_filter ] --END-- [ RunTime:0.000446s ]
INFO: [ app_end ] --START--
INFO: Run Behavior\ShowPageTraceBehavior [ RunTime:0.000768s ]
INFO: [ app_end ] --END-- [ RunTime:0.000838s ]

[ 2016-06-06T14:21:18+08:00 ] 127.0.0.1 /index.php/Manage/Auth/authRule.html
INFO: [ app_init ] --START--
INFO: Run Behavior\BuildLiteBehavior [ RunTime:0.000014s ]
INFO: [ app_init ] --END-- [ RunTime:0.000398s ]
INFO: [ app_begin ] --START--
INFO: Run Behavior\ReadHtmlCacheBehavior [ RunTime:0.000593s ]
INFO: [ app_begin ] --END-- [ RunTime:0.000657s ]
INFO: [ view_parse ] --START--
INFO: [ template_filter ] --START--
INFO: Run Behavior\ContentReplaceBehavior [ RunTime:0.000034s ]
INFO: [ template_filter ] --END-- [ RunTime:0.000081s ]
INFO: Run Behavior\ParseTemplateBehavior [ RunTime:0.005026s ]
INFO: [ view_parse ] --END-- [ RunTime:0.005079s ]
INFO: [ view_filter ] --START--
INFO: Run Behavior\WriteHtmlCacheBehavior [ RunTime:0.000286s ]
INFO: [ view_filter ] --END-- [ RunTime:0.000319s ]

[ 2016-06-06T14:21:53+08:00 ] 127.0.0.1 /index.php/Manage/Auth/authRule.html
INFO: [ app_init ] --START--
INFO: Run Behavior\BuildLiteBehavior [ RunTime:0.000013s ]
INFO: [ app_init ] --END-- [ RunTime:0.000409s ]
INFO: [ app_begin ] --START--
INFO: Run Behavior\ReadHtmlCacheBehavior [ RunTime:0.000578s ]
INFO: [ app_begin ] --END-- [ RunTime:0.000633s ]
SQL: SHOW COLUMNS FROM `fl_auth_rule` [ RunTime:0.0038s ]
SQL: SELECT * FROM `fl_auth_rule`  [ RunTime:0.0004s ]
NOTIC: [2] Invalid argument supplied for foreach() D:\phpStudy\WWW\flsystem\Application\Manage\Controller\AuthController.class.php 第 25 行.
NOTIC: [2] Invalid argument supplied for foreach() D:\phpStudy\WWW\flsystem\Application\Manage\Controller\AuthController.class.php 第 25 行.
NOTIC: [2] Invalid argument supplied for foreach() D:\phpStudy\WWW\flsystem\Application\Manage\Controller\AuthController.class.php 第 25 行.
NOTIC: [2] Invalid argument supplied for foreach() D:\phpStudy\WWW\flsystem\Application\Manage\Controller\AuthController.class.php 第 25 行.
NOTIC: [2] Invalid argument supplied for foreach() D:\phpStudy\WWW\flsystem\Application\Manage\Controller\AuthController.class.php 第 25 行.
NOTIC: [2] Invalid argument supplied for foreach() D:\phpStudy\WWW\flsystem\Application\Manage\Controller\AuthController.class.php 第 25 行.
NOTIC: [2] Invalid argument supplied for foreach() D:\phpStudy\WWW\flsystem\Application\Manage\Controller\AuthController.class.php 第 25 行.
NOTIC: [2] Invalid argument supplied for foreach() D:\phpStudy\WWW\flsystem\Application\Manage\Controller\AuthController.class.php 第 25 行.
NOTIC: [2] Invalid argument supplied for foreach() D:\phpStudy\WWW\flsystem\Application\Manage\Controller\AuthController.class.php 第 25 行.
NOTIC: [2] Invalid argument supplied for foreach() D:\phpStudy\WWW\flsystem\Application\Manage\Controller\AuthController.class.php 第 25 行.
NOTIC: [2] Invalid argument supplied for foreach() D:\phpStudy\WWW\flsystem\Application\Manage\Controller\AuthController.class.php 第 25 行.
NOTIC: [2] Invalid argument supplied for foreach() D:\phpStudy\WWW\flsystem\Application\Manage\Controller\AuthController.class.php 第 25 行.
NOTIC: [2] Invalid argument supplied for foreach() D:\phpStudy\WWW\flsystem\Application\Manage\Controller\AuthController.class.php 第 25 行.
NOTIC: [2] Invalid argument supplied for foreach() D:\phpStudy\WWW\flsystem\Application\Manage\Controller\AuthController.class.php 第 25 行.
NOTIC: [2] Invalid argument supplied for foreach() D:\phpStudy\WWW\flsystem\Application\Manage\Controller\AuthController.class.php 第 25 行.
INFO: [ view_parse ] --START--
INFO: [ template_filter ] --START--
INFO: Run Behavior\ContentReplaceBehavior [ RunTime:0.000070s ]
INFO: [ template_filter ] --END-- [ RunTime:0.000119s ]
INFO: Run Behavior\ParseTemplateBehavior [ RunTime:0.008439s ]
INFO: [ view_parse ] --END-- [ RunTime:0.008492s ]
INFO: [ view_filter ] --START--
INFO: Run Behavior\WriteHtmlCacheBehavior [ RunTime:0.000389s ]
INFO: [ view_filter ] --END-- [ RunTime:0.000425s ]
INFO: [ app_end ] --START--
INFO: Run Behavior\ShowPageTraceBehavior [ RunTime:0.000934s ]
INFO: [ app_end ] --END-- [ RunTime:0.001004s ]

[ 2016-06-06T14:21:55+08:00 ] 127.0.0.1 /index.php/Manage/Auth/authGroup.html
INFO: [ app_init ] --START--
INFO: Run Behavior\BuildLiteBehavior [ RunTime:0.000014s ]
INFO: [ app_init ] --END-- [ RunTime:0.000438s ]
INFO: [ app_begin ] --START--
INFO: Run Behavior\ReadHtmlCacheBehavior [ RunTime:0.000480s ]
INFO: [ app_begin ] --END-- [ RunTime:0.000530s ]
INFO: [ view_parse ] --START--
INFO: [ template_filter ] --START--
INFO: Run Behavior\ContentReplaceBehavior [ RunTime:0.000034s ]
INFO: [ template_filter ] --END-- [ RunTime:0.000079s ]
INFO: Run Behavior\ParseTemplateBehavior [ RunTime:0.005216s ]
INFO: [ view_parse ] --END-- [ RunTime:0.005270s ]
INFO: [ view_filter ] --START--
INFO: Run Behavior\WriteHtmlCacheBehavior [ RunTime:0.000307s ]
INFO: [ view_filter ] --END-- [ RunTime:0.000341s ]

[ 2016-06-06T14:21:59+08:00 ] 127.0.0.1 /index.php/Manage/Index/index.html
INFO: [ app_init ] --START--
INFO: Run Behavior\BuildLiteBehavior [ RunTime:0.000014s ]
INFO: [ app_init ] --END-- [ RunTime:0.000467s ]
INFO: [ app_begin ] --START--
INFO: Run Behavior\ReadHtmlCacheBehavior [ RunTime:0.000530s ]
INFO: [ app_begin ] --END-- [ RunTime:0.000577s ]
INFO: [ view_parse ] --START--
INFO: [ template_filter ] --START--
INFO: Run Behavior\ContentReplaceBehavior [ RunTime:0.000056s ]
INFO: [ template_filter ] --END-- [ RunTime:0.000102s ]
INFO: Run Behavior\ParseTemplateBehavior [ RunTime:0.007301s ]
INFO: [ view_parse ] --END-- [ RunTime:0.007348s ]
INFO: [ view_filter ] --START--
INFO: Run Behavior\WriteHtmlCacheBehavior [ RunTime:0.000397s ]
INFO: [ view_filter ] --END-- [ RunTime:0.000443s ]
INFO: [ app_end ] --START--
INFO: Run Behavior\ShowPageTraceBehavior [ RunTime:0.000612s ]
INFO: [ app_end ] --END-- [ RunTime:0.000652s ]

[ 2016-06-06T14:22:02+08:00 ] 127.0.0.1 /index.php/Manage/Auth/authRule.html
INFO: [ app_init ] --START--
INFO: Run Behavior\BuildLiteBehavior [ RunTime:0.000013s ]
INFO: [ app_init ] --END-- [ RunTime:0.000486s ]
INFO: [ app_begin ] --START--
INFO: Run Behavior\ReadHtmlCacheBehavior [ RunTime:0.000533s ]
INFO: [ app_begin ] --END-- [ RunTime:0.000581s ]
SQL: SHOW COLUMNS FROM `fl_auth_rule` [ RunTime:0.0049s ]
SQL: SELECT * FROM `fl_auth_rule`  [ RunTime:0.0005s ]
NOTIC: [2] Invalid argument supplied for foreach() D:\phpStudy\WWW\flsystem\Application\Manage\Controller\AuthController.class.php 第 25 行.
NOTIC: [2] Invalid argument supplied for foreach() D:\phpStudy\WWW\flsystem\Application\Manage\Controller\AuthController.class.php 第 25 行.
NOTIC: [2] Invalid argument supplied for foreach() D:\phpStudy\WWW\flsystem\Application\Manage\Controller\AuthController.class.php 第 25 行.
NOTIC: [2] Invalid argument supplied for foreach() D:\phpStudy\WWW\flsystem\Application\Manage\Controller\AuthController.class.php 第 25 行.
NOTIC: [2] Invalid argument supplied for foreach() D:\phpStudy\WWW\flsystem\Application\Manage\Controller\AuthController.class.php 第 25 行.
NOTIC: [2] Invalid argument supplied for foreach() D:\phpStudy\WWW\flsystem\Application\Manage\Controller\AuthController.class.php 第 25 行.
NOTIC: [2] Invalid argument supplied for foreach() D:\phpStudy\WWW\flsystem\Application\Manage\Controller\AuthController.class.php 第 25 行.
NOTIC: [2] Invalid argument supplied for foreach() D:\phpStudy\WWW\flsystem\Application\Manage\Controller\AuthController.class.php 第 25 行.
NOTIC: [2] Invalid argument supplied for foreach() D:\phpStudy\WWW\flsystem\Application\Manage\Controller\AuthController.class.php 第 25 行.
NOTIC: [2] Invalid argument supplied for foreach() D:\phpStudy\WWW\flsystem\Application\Manage\Controller\AuthController.class.php 第 25 行.
NOTIC: [2] Invalid argument supplied for foreach() D:\phpStudy\WWW\flsystem\Application\Manage\Controller\AuthController.class.php 第 25 行.
NOTIC: [2] Invalid argument supplied for foreach() D:\phpStudy\WWW\flsystem\Application\Manage\Controller\AuthController.class.php 第 25 行.
NOTIC: [2] Invalid argument supplied for foreach() D:\phpStudy\WWW\flsystem\Application\Manage\Controller\AuthController.class.php 第 25 行.
NOTIC: [2] Invalid argument supplied for foreach() D:\phpStudy\WWW\flsystem\Application\Manage\Controller\AuthController.class.php 第 25 行.
NOTIC: [2] Invalid argument supplied for foreach() D:\phpStudy\WWW\flsystem\Application\Manage\Controller\AuthController.class.php 第 25 行.
INFO: [ view_parse ] --START--
INFO: [ template_filter ] --START--
INFO: Run Behavior\ContentReplaceBehavior [ RunTime:0.000063s ]
INFO: [ template_filter ] --END-- [ RunTime:0.000105s ]
INFO: Run Behavior\ParseTemplateBehavior [ RunTime:0.007802s ]
INFO: [ view_parse ] --END-- [ RunTime:0.007849s ]
INFO: [ view_filter ] --START--
INFO: Run Behavior\WriteHtmlCacheBehavior [ RunTime:0.000374s ]
INFO: [ view_filter ] --END-- [ RunTime:0.000410s ]
INFO: [ app_end ] --START--
INFO: Run Behavior\ShowPageTraceBehavior [ RunTime:0.000958s ]
INFO: [ app_end ] --END-- [ RunTime:0.001084s ]

[ 2016-06-06T14:27:46+08:00 ] 127.0.0.1 /index.php/Manage/Auth/authRule.html
INFO: [ app_init ] --START--
INFO: Run Behavior\BuildLiteBehavior [ RunTime:0.000037s ]
INFO: [ app_init ] --END-- [ RunTime:0.000958s ]
INFO: [ app_begin ] --START--
INFO: Run Behavior\ReadHtmlCacheBehavior [ RunTime:0.000741s ]
INFO: [ app_begin ] --END-- [ RunTime:0.000801s ]
SQL: SHOW COLUMNS FROM `fl_auth_rule` [ RunTime:0.0041s ]
SQL: SELECT * FROM `fl_auth_rule`  [ RunTime:0.0005s ]

[ 2016-06-06T14:28:08+08:00 ] 127.0.0.1 /index.php/Manage/Auth/authRule.html
INFO: [ app_init ] --START--
INFO: Run Behavior\BuildLiteBehavior [ RunTime:0.000014s ]
INFO: [ app_init ] --END-- [ RunTime:0.000390s ]
INFO: [ app_begin ] --START--
INFO: Run Behavior\ReadHtmlCacheBehavior [ RunTime:0.000481s ]
INFO: [ app_begin ] --END-- [ RunTime:0.000536s ]
SQL: SHOW COLUMNS FROM `fl_auth_rule` [ RunTime:0.0042s ]
SQL: SELECT * FROM `fl_auth_rule`  [ RunTime:0.0005s ]

[ 2016-06-06T14:28:13+08:00 ] 127.0.0.1 /index.php/Manage/Auth/authRule.html
INFO: [ app_init ] --START--
INFO: Run Behavior\BuildLiteBehavior [ RunTime:0.000012s ]
INFO: [ app_init ] --END-- [ RunTime:0.000483s ]
INFO: [ app_begin ] --START--
INFO: Run Behavior\ReadHtmlCacheBehavior [ RunTime:0.000539s ]
INFO: [ app_begin ] --END-- [ RunTime:0.000596s ]
SQL: SHOW COLUMNS FROM `fl_auth_rule` [ RunTime:0.0033s ]
SQL: SELECT * FROM `fl_auth_rule`  [ RunTime:0.0005s ]

[ 2016-06-06T14:29:51+08:00 ] 127.0.0.1 /index.php/Manage/Auth/authRule.html
INFO: [ app_init ] --START--
INFO: Run Behavior\BuildLiteBehavior [ RunTime:0.000017s ]
INFO: [ app_init ] --END-- [ RunTime:0.000727s ]
INFO: [ app_begin ] --START--
INFO: Run Behavior\ReadHtmlCacheBehavior [ RunTime:0.000643s ]
INFO: [ app_begin ] --END-- [ RunTime:0.000693s ]
SQL: SHOW COLUMNS FROM `fl_auth_rule` [ RunTime:0.0038s ]
SQL: SELECT * FROM `fl_auth_rule`  [ RunTime:0.0006s ]

[ 2016-06-06T14:30:05+08:00 ] 127.0.0.1 /index.php/Manage/Auth/authRule.html
INFO: [ app_init ] --START--
INFO: Run Behavior\BuildLiteBehavior [ RunTime:0.000027s ]
INFO: [ app_init ] --END-- [ RunTime:0.000928s ]
INFO: [ app_begin ] --START--
INFO: Run Behavior\ReadHtmlCacheBehavior [ RunTime:0.000771s ]
INFO: [ app_begin ] --END-- [ RunTime:0.000858s ]
SQL: SHOW COLUMNS FROM `fl_auth_rule` [ RunTime:0.0052s ]
SQL: SELECT * FROM `fl_auth_rule`  [ RunTime:0.0008s ]

[ 2016-06-06T14:31:47+08:00 ] 127.0.0.1 /index.php/Manage/Auth/authRule.html
INFO: [ app_init ] --START--
INFO: Run Behavior\BuildLiteBehavior [ RunTime:0.000035s ]
INFO: [ app_init ] --END-- [ RunTime:0.001039s ]
INFO: [ app_begin ] --START--
INFO: Run Behavior\ReadHtmlCacheBehavior [ RunTime:0.001013s ]
INFO: [ app_begin ] --END-- [ RunTime:0.001117s ]

[ 2016-06-06T14:33:43+08:00 ] 127.0.0.1 /index.php/Manage/Auth/authRule.html
INFO: [ app_init ] --START--
INFO: Run Behavior\BuildLiteBehavior [ RunTime:0.000012s ]
INFO: [ app_init ] --END-- [ RunTime:0.000500s ]
INFO: [ app_begin ] --START--
INFO: Run Behavior\ReadHtmlCacheBehavior [ RunTime:0.000639s ]
INFO: [ app_begin ] --END-- [ RunTime:0.000700s ]
SQL: SHOW COLUMNS FROM `fl_auth_rule` [ RunTime:0.0039s ]
ERR: 1054:Unknown column 'create_time' in 'order clause'
 [ SQL语句 ] : SELECT * FROM `fl_auth_rule` WHERE `status` = 1 ORDER BY create_time desc 
ERR: 1054:Unknown column 'create_time' in 'order clause'
 [ SQL语句 ] : SELECT * FROM `fl_auth_rule` WHERE `status` = 1 ORDER BY create_time desc 

[ 2016-06-06T14:34:30+08:00 ] 127.0.0.1 /index.php/Manage/Auth/authRule.html
INFO: [ app_init ] --START--
INFO: Run Behavior\BuildLiteBehavior [ RunTime:0.000025s ]
INFO: [ app_init ] --END-- [ RunTime:0.000852s ]
INFO: [ app_begin ] --START--
INFO: Run Behavior\ReadHtmlCacheBehavior [ RunTime:0.000992s ]
INFO: [ app_begin ] --END-- [ RunTime:0.001093s ]
SQL: SHOW COLUMNS FROM `fl_auth_rule` [ RunTime:0.0061s ]
ERR: 1054:Unknown column 'create_time' in 'order clause'
 [ SQL语句 ] : SELECT * FROM `fl_auth_rule` WHERE `status` = 1 ORDER BY create_time desc 
ERR: 1054:Unknown column 'create_time' in 'order clause'
 [ SQL语句 ] : SELECT * FROM `fl_auth_rule` WHERE `status` = 1 ORDER BY create_time desc 

[ 2016-06-06T14:34:31+08:00 ] 127.0.0.1 /index.php/Manage/Auth/authRule.html
INFO: [ app_init ] --START--
INFO: Run Behavior\BuildLiteBehavior [ RunTime:0.000040s ]
INFO: [ app_init ] --END-- [ RunTime:0.002157s ]
INFO: [ app_begin ] --START--
INFO: Run Behavior\ReadHtmlCacheBehavior [ RunTime:0.001620s ]
INFO: [ app_begin ] --END-- [ RunTime:0.001778s ]
SQL: SHOW COLUMNS FROM `fl_auth_rule` [ RunTime:0.0094s ]
ERR: 1054:Unknown column 'create_time' in 'order clause'
 [ SQL语句 ] : SELECT * FROM `fl_auth_rule` WHERE `status` = 1 ORDER BY create_time desc 
ERR: 1054:Unknown column 'create_time' in 'order clause'
 [ SQL语句 ] : SELECT * FROM `fl_auth_rule` WHERE `status` = 1 ORDER BY create_time desc 

[ 2016-06-06T14:35:10+08:00 ] 127.0.0.1 /index.php/Manage/Auth/authRule.html
INFO: [ app_init ] --START--
INFO: Run Behavior\BuildLiteBehavior [ RunTime:0.000014s ]
INFO: [ app_init ] --END-- [ RunTime:0.000384s ]
INFO: [ app_begin ] --START--
INFO: Run Behavior\ReadHtmlCacheBehavior [ RunTime:0.000616s ]
INFO: [ app_begin ] --END-- [ RunTime:0.000677s ]
SQL: SHOW COLUMNS FROM `fl_auth_rule` [ RunTime:0.0039s ]
ERR: 1054:Unknown column 'create_time' in 'order clause'
 [ SQL语句 ] : SELECT * FROM `fl_auth_rule` WHERE `status` = 1 ORDER BY create_time desc 
ERR: 1054:Unknown column 'create_time' in 'order clause'
 [ SQL语句 ] : SELECT * FROM `fl_auth_rule` WHERE `status` = 1 ORDER BY create_time desc 

[ 2016-06-06T14:35:11+08:00 ] 127.0.0.1 /index.php/Manage/Auth/authRule.html
INFO: [ app_init ] --START--
INFO: Run Behavior\BuildLiteBehavior [ RunTime:0.000043s ]
INFO: [ app_init ] --END-- [ RunTime:0.001262s ]
INFO: [ app_begin ] --START--
INFO: Run Behavior\ReadHtmlCacheBehavior [ RunTime:0.002244s ]
INFO: [ app_begin ] --END-- [ RunTime:0.002407s ]
SQL: SHOW COLUMNS FROM `fl_auth_rule` [ RunTime:0.0093s ]
ERR: 1054:Unknown column 'create_time' in 'order clause'
 [ SQL语句 ] : SELECT * FROM `fl_auth_rule` WHERE `status` = 1 ORDER BY create_time desc 
ERR: 1054:Unknown column 'create_time' in 'order clause'
 [ SQL语句 ] : SELECT * FROM `fl_auth_rule` WHERE `status` = 1 ORDER BY create_time desc 

[ 2016-06-06T14:35:11+08:00 ] 127.0.0.1 /index.php/Manage/Auth/authRule.html
INFO: [ app_init ] --START--
INFO: Run Behavior\BuildLiteBehavior [ RunTime:0.000016s ]
INFO: [ app_init ] --END-- [ RunTime:0.000460s ]
INFO: [ app_begin ] --START--
INFO: Run Behavior\ReadHtmlCacheBehavior [ RunTime:0.000638s ]
INFO: [ app_begin ] --END-- [ RunTime:0.000705s ]
SQL: SHOW COLUMNS FROM `fl_auth_rule` [ RunTime:0.0045s ]
ERR: 1054:Unknown column 'create_time' in 'order clause'
 [ SQL语句 ] : SELECT * FROM `fl_auth_rule` WHERE `status` = 1 ORDER BY create_time desc 
ERR: 1054:Unknown column 'create_time' in 'order clause'
 [ SQL语句 ] : SELECT * FROM `fl_auth_rule` WHERE `status` = 1 ORDER BY create_time desc 

[ 2016-06-06T14:35:12+08:00 ] 127.0.0.1 /index.php/Manage/Auth/authRule.html
INFO: [ app_init ] --START--
INFO: Run Behavior\BuildLiteBehavior [ RunTime:0.000050s ]
INFO: [ app_init ] --END-- [ RunTime:0.001534s ]
INFO: [ app_begin ] --START--
INFO: Run Behavior\ReadHtmlCacheBehavior [ RunTime:0.002089s ]
INFO: [ app_begin ] --END-- [ RunTime:0.002256s ]
SQL: SHOW COLUMNS FROM `fl_auth_rule` [ RunTime:0.0101s ]
ERR: 1054:Unknown column 'create_time' in 'order clause'
 [ SQL语句 ] : SELECT * FROM `fl_auth_rule` WHERE `status` = 1 ORDER BY create_time desc 
ERR: 1054:Unknown column 'create_time' in 'order clause'
 [ SQL语句 ] : SELECT * FROM `fl_auth_rule` WHERE `status` = 1 ORDER BY create_time desc 

[ 2016-06-06T14:35:18+08:00 ] 127.0.0.1 /index.php/Manage/Auth/authRule.html
INFO: [ app_init ] --START--
INFO: Run Behavior\BuildLiteBehavior [ RunTime:0.000023s ]
INFO: [ app_init ] --END-- [ RunTime:0.000807s ]
INFO: [ app_begin ] --START--
INFO: Run Behavior\ReadHtmlCacheBehavior [ RunTime:0.000989s ]
INFO: [ app_begin ] --END-- [ RunTime:0.001085s ]
SQL: SHOW COLUMNS FROM `fl_auth_rule` [ RunTime:0.0058s ]
ERR: 1054:Unknown column 'create_time' in 'order clause'
 [ SQL语句 ] : SELECT * FROM `fl_auth_rule` WHERE `status` = 1 ORDER BY create_time desc 
ERR: 1054:Unknown column 'create_time' in 'order clause'
 [ SQL语句 ] : SELECT * FROM `fl_auth_rule` WHERE `status` = 1 ORDER BY create_time desc 

[ 2016-06-06T14:36:43+08:00 ] 127.0.0.1 /index.php/Manage/Auth/authRule.html
INFO: [ app_init ] --START--
INFO: Run Behavior\BuildLiteBehavior [ RunTime:0.000035s ]
INFO: [ app_init ] --END-- [ RunTime:0.000442s ]
INFO: [ app_begin ] --START--
INFO: Run Behavior\ReadHtmlCacheBehavior [ RunTime:0.000567s ]
INFO: [ app_begin ] --END-- [ RunTime:0.000620s ]

[ 2016-06-06T14:37:02+08:00 ] 127.0.0.1 /index.php/Manage/Auth/authRule.html
INFO: [ app_init ] --START--
INFO: Run Behavior\BuildLiteBehavior [ RunTime:0.000028s ]
INFO: [ app_init ] --END-- [ RunTime:0.000920s ]
INFO: [ app_begin ] --START--
INFO: Run Behavior\ReadHtmlCacheBehavior [ RunTime:0.001056s ]
INFO: [ app_begin ] --END-- [ RunTime:0.001164s ]
SQL: SHOW COLUMNS FROM `fl_auth_rule` [ RunTime:0.0076s ]
SQL: SELECT * FROM `fl_auth_rule`  [ RunTime:0.0011s ]

[ 2016-06-06T14:37:28+08:00 ] 127.0.0.1 /index.php/Manage/Auth/authRule.html
INFO: [ app_init ] --START--
INFO: Run Behavior\BuildLiteBehavior [ RunTime:0.000012s ]
INFO: [ app_init ] --END-- [ RunTime:0.000469s ]
INFO: [ app_begin ] --START--
INFO: Run Behavior\ReadHtmlCacheBehavior [ RunTime:0.000543s ]
INFO: [ app_begin ] --END-- [ RunTime:0.000595s ]
SQL: SHOW COLUMNS FROM `fl_auth_rule` [ RunTime:0.0035s ]
ERR: 1054:Unknown column 'create_time' in 'order clause'
 [ SQL语句 ] : SELECT * FROM `fl_auth_rule` WHERE `status` = 1 ORDER BY create_time desc 
ERR: 1054:Unknown column 'create_time' in 'order clause'
 [ SQL语句 ] : SELECT * FROM `fl_auth_rule` WHERE `status` = 1 ORDER BY create_time desc 

[ 2016-06-06T14:38:12+08:00 ] 127.0.0.1 /index.php/Manage/Auth/authRule.html
INFO: [ app_init ] --START--
INFO: Run Behavior\BuildLiteBehavior [ RunTime:0.000013s ]
INFO: [ app_init ] --END-- [ RunTime:0.000489s ]
INFO: [ app_begin ] --START--
INFO: Run Behavior\ReadHtmlCacheBehavior [ RunTime:0.000549s ]
INFO: [ app_begin ] --END-- [ RunTime:0.000597s ]
SQL: SHOW COLUMNS FROM `fl_auth_rule` [ RunTime:0.0045s ]
SQL: SELECT * FROM `fl_auth_rule` WHERE `status` = 1  [ RunTime:0.0005s ]

[ 2016-06-06T14:38:28+08:00 ] 127.0.0.1 /index.php/Manage/Auth/authRule.html
INFO: [ app_init ] --START--
INFO: Run Behavior\BuildLiteBehavior [ RunTime:0.000013s ]
INFO: [ app_init ] --END-- [ RunTime:0.000396s ]
INFO: [ app_begin ] --START--
INFO: Run Behavior\ReadHtmlCacheBehavior [ RunTime:0.000489s ]
INFO: [ app_begin ] --END-- [ RunTime:0.000544s ]
SQL: SHOW COLUMNS FROM `fl_auth_rule` [ RunTime:0.0043s ]
SQL: SELECT * FROM `fl_auth_rule` WHERE `status` = 1  [ RunTime:0.0006s ]

[ 2016-06-06T14:42:23+08:00 ] 127.0.0.1 /index.php/Manage/Auth/authRule.html
INFO: [ app_init ] --START--
INFO: Run Behavior\BuildLiteBehavior [ RunTime:0.000014s ]
INFO: [ app_init ] --END-- [ RunTime:0.000516s ]
INFO: [ app_begin ] --START--
INFO: Run Behavior\ReadHtmlCacheBehavior [ RunTime:0.000678s ]
INFO: [ app_begin ] --END-- [ RunTime:0.000742s ]
SQL: SHOW COLUMNS FROM `fl_auth_rule` [ RunTime:0.0041s ]
SQL: SELECT * FROM `fl_auth_rule` WHERE `status` = 1  [ RunTime:0.0009s ]
INFO: [ view_parse ] --START--
INFO: [ template_filter ] --START--
INFO: Run Behavior\ContentReplaceBehavior [ RunTime:0.000070s ]
INFO: [ template_filter ] --END-- [ RunTime:0.000116s ]
NOTIC: [8] Undefined variable: selectParentId D:\phpStudy\WWW\flsystem\Application\Runtime\Cache\Manage\6ebd5294ec8a31bd8a83838bf0297908.php 第 156 行.
NOTIC: [8] Array to string conversion D:\phpStudy\WWW\flsystem\Application\Runtime\Cache\Manage\6ebd5294ec8a31bd8a83838bf0297908.php 第 173 行.
NOTIC: [8] Undefined variable: Array D:\phpStudy\WWW\flsystem\Application\Runtime\Cache\Manage\6ebd5294ec8a31bd8a83838bf0297908.php 第 173 行.
INFO: Run Behavior\ParseTemplateBehavior [ RunTime:0.009246s ]
INFO: [ view_parse ] --END-- [ RunTime:0.009295s ]
INFO: [ view_filter ] --START--
INFO: Run Behavior\WriteHtmlCacheBehavior [ RunTime:0.000429s ]
INFO: [ view_filter ] --END-- [ RunTime:0.000469s ]
INFO: [ app_end ] --START--
INFO: Run Behavior\ShowPageTraceBehavior [ RunTime:0.000640s ]
INFO: [ app_end ] --END-- [ RunTime:0.000682s ]

[ 2016-06-06T14:42:25+08:00 ] 127.0.0.1 /index.php/Manage/Auth/authRule.html
INFO: [ app_init ] --START--
INFO: Run Behavior\BuildLiteBehavior [ RunTime:0.000019s ]
INFO: [ app_init ] --END-- [ RunTime:0.000638s ]
INFO: [ app_begin ] --START--
INFO: Run Behavior\ReadHtmlCacheBehavior [ RunTime:0.000562s ]
INFO: [ app_begin ] --END-- [ RunTime:0.000616s ]
SQL: SHOW COLUMNS FROM `fl_auth_rule` [ RunTime:0.0038s ]
SQL: SELECT * FROM `fl_auth_rule` WHERE `status` = 1  [ RunTime:0.0006s ]
INFO: [ view_parse ] --START--
INFO: [ template_filter ] --START--
INFO: Run Behavior\ContentReplaceBehavior [ RunTime:0.000066s ]
INFO: [ template_filter ] --END-- [ RunTime:0.000113s ]
NOTIC: [8] Undefined variable: selectParentId D:\phpStudy\WWW\flsystem\Application\Runtime\Cache\Manage\6ebd5294ec8a31bd8a83838bf0297908.php 第 156 行.
NOTIC: [8] Array to string conversion D:\phpStudy\WWW\flsystem\Application\Runtime\Cache\Manage\6ebd5294ec8a31bd8a83838bf0297908.php 第 173 行.
NOTIC: [8] Undefined variable: Array D:\phpStudy\WWW\flsystem\Application\Runtime\Cache\Manage\6ebd5294ec8a31bd8a83838bf0297908.php 第 173 行.
INFO: Run Behavior\ParseTemplateBehavior [ RunTime:0.008844s ]
INFO: [ view_parse ] --END-- [ RunTime:0.008894s ]
INFO: [ view_filter ] --START--
INFO: Run Behavior\WriteHtmlCacheBehavior [ RunTime:0.000403s ]
INFO: [ view_filter ] --END-- [ RunTime:0.000441s ]
INFO: [ app_end ] --START--
INFO: Run Behavior\ShowPageTraceBehavior [ RunTime:0.000574s ]
INFO: [ app_end ] --END-- [ RunTime:0.000613s ]

[ 2016-06-06T14:42:31+08:00 ] 127.0.0.1 /index.php/Manage/Auth/authRule.html
INFO: [ app_init ] --START--
INFO: Run Behavior\BuildLiteBehavior [ RunTime:0.000012s ]
INFO: [ app_init ] --END-- [ RunTime:0.000447s ]
INFO: [ app_begin ] --START--
INFO: Run Behavior\ReadHtmlCacheBehavior [ RunTime:0.000525s ]
INFO: [ app_begin ] --END-- [ RunTime:0.000574s ]
SQL: SHOW COLUMNS FROM `fl_auth_rule` [ RunTime:0.0051s ]
SQL: SELECT * FROM `fl_auth_rule` WHERE `status` = 1  [ RunTime:0.0005s ]
INFO: [ view_parse ] --START--
INFO: [ template_filter ] --START--
INFO: Run Behavior\ContentReplaceBehavior [ RunTime:0.000073s ]
INFO: [ template_filter ] --END-- [ RunTime:0.000115s ]
NOTIC: [8] Undefined variable: selectParentId D:\phpStudy\WWW\flsystem\Application\Runtime\Cache\Manage\6ebd5294ec8a31bd8a83838bf0297908.php 第 156 行.
INFO: Run Behavior\ParseTemplateBehavior [ RunTime:0.008383s ]
INFO: [ view_parse ] --END-- [ RunTime:0.008438s ]
INFO: [ view_filter ] --START--
INFO: Run Behavior\WriteHtmlCacheBehavior [ RunTime:0.000420s ]
INFO: [ view_filter ] --END-- [ RunTime:0.000464s ]
INFO: [ app_end ] --START--
INFO: Run Behavior\ShowPageTraceBehavior [ RunTime:0.000647s ]
INFO: [ app_end ] --END-- [ RunTime:0.000688s ]

[ 2016-06-06T14:44:51+08:00 ] 127.0.0.1 /index.php/Manage/Auth/authRule.html
INFO: [ app_init ] --START--
INFO: Run Behavior\BuildLiteBehavior [ RunTime:0.000014s ]
INFO: [ app_init ] --END-- [ RunTime:0.000619s ]
INFO: [ app_begin ] --START--
INFO: Run Behavior\ReadHtmlCacheBehavior [ RunTime:0.000567s ]
INFO: [ app_begin ] --END-- [ RunTime:0.000627s ]
SQL: SHOW COLUMNS FROM `fl_auth_rule` [ RunTime:0.0043s ]
SQL: SELECT * FROM `fl_auth_rule` WHERE `status` = 1  [ RunTime:0.0005s ]
INFO: [ view_parse ] --START--
INFO: [ template_filter ] --START--
INFO: Run Behavior\ContentReplaceBehavior [ RunTime:0.000070s ]
INFO: [ template_filter ] --END-- [ RunTime:0.000117s ]
NOTIC: [8] Undefined variable: selectParentId D:\phpStudy\WWW\flsystem\Application\Runtime\Cache\Manage\6ebd5294ec8a31bd8a83838bf0297908.php 第 156 行.
INFO: Run Behavior\ParseTemplateBehavior [ RunTime:0.010464s ]
INFO: [ view_parse ] --END-- [ RunTime:0.010522s ]
INFO: [ view_filter ] --START--
INFO: Run Behavior\WriteHtmlCacheBehavior [ RunTime:0.000444s ]
INFO: [ view_filter ] --END-- [ RunTime:0.000487s ]
INFO: [ app_end ] --START--
INFO: Run Behavior\ShowPageTraceBehavior [ RunTime:0.001050s ]
INFO: [ app_end ] --END-- [ RunTime:0.001155s ]

[ 2016-06-06T14:46:20+08:00 ] 127.0.0.1 /index.php/Manage/Auth/authRule.html
INFO: [ app_init ] --START--
INFO: Run Behavior\BuildLiteBehavior [ RunTime:0.000012s ]
INFO: [ app_init ] --END-- [ RunTime:0.000532s ]
INFO: [ app_begin ] --START--
INFO: Run Behavior\ReadHtmlCacheBehavior [ RunTime:0.000610s ]
INFO: [ app_begin ] --END-- [ RunTime:0.000661s ]
SQL: SHOW COLUMNS FROM `fl_auth_rule` [ RunTime:0.0034s ]
SQL: SELECT * FROM `fl_auth_rule` WHERE `status` = 1  [ RunTime:0.0005s ]
INFO: [ view_parse ] --START--
INFO: [ template_filter ] --START--
INFO: Run Behavior\ContentReplaceBehavior [ RunTime:0.000072s ]
INFO: [ template_filter ] --END-- [ RunTime:0.000120s ]
INFO: Run Behavior\ParseTemplateBehavior [ RunTime:0.010640s ]
INFO: [ view_parse ] --END-- [ RunTime:0.010710s ]
INFO: [ view_filter ] --START--
INFO: Run Behavior\WriteHtmlCacheBehavior [ RunTime:0.000455s ]
INFO: [ view_filter ] --END-- [ RunTime:0.000502s ]
INFO: [ app_end ] --START--
INFO: Run Behavior\ShowPageTraceBehavior [ RunTime:0.000906s ]
INFO: [ app_end ] --END-- [ RunTime:0.000981s ]

[ 2016-06-06T14:46:50+08:00 ] 127.0.0.1 /index.php/Manage/Auth/authRule.html
INFO: [ app_init ] --START--
INFO: Run Behavior\BuildLiteBehavior [ RunTime:0.000024s ]
INFO: [ app_init ] --END-- [ RunTime:0.000744s ]
INFO: [ app_begin ] --START--
INFO: Run Behavior\ReadHtmlCacheBehavior [ RunTime:0.000930s ]
INFO: [ app_begin ] --END-- [ RunTime:0.001030s ]
SQL: SHOW COLUMNS FROM `fl_auth_rule` [ RunTime:0.0075s ]
SQL: SELECT * FROM `fl_auth_rule` WHERE `status` = 1  [ RunTime:0.0010s ]
INFO: [ view_parse ] --START--
INFO: [ template_filter ] --START--
INFO: Run Behavior\ContentReplaceBehavior [ RunTime:0.000131s ]
INFO: [ template_filter ] --END-- [ RunTime:0.000217s ]
INFO: Run Behavior\ParseTemplateBehavior [ RunTime:0.021661s ]
INFO: [ view_parse ] --END-- [ RunTime:0.021767s ]
INFO: [ view_filter ] --START--
INFO: Run Behavior\WriteHtmlCacheBehavior [ RunTime:0.000625s ]
INFO: [ view_filter ] --END-- [ RunTime:0.000694s ]
INFO: [ app_end ] --START--
INFO: Run Behavior\ShowPageTraceBehavior [ RunTime:0.001696s ]
INFO: [ app_end ] --END-- [ RunTime:0.001829s ]

[ 2016-06-06T14:49:04+08:00 ] 127.0.0.1 /index.php/Manage/Auth/authRule.html
INFO: [ app_init ] --START--
INFO: Run Behavior\BuildLiteBehavior [ RunTime:0.000013s ]
INFO: [ app_init ] --END-- [ RunTime:0.000473s ]
INFO: [ app_begin ] --START--
INFO: Run Behavior\ReadHtmlCacheBehavior [ RunTime:0.000557s ]
INFO: [ app_begin ] --END-- [ RunTime:0.000607s ]
SQL: SHOW COLUMNS FROM `fl_auth_rule` [ RunTime:0.0036s ]
SQL: SELECT * FROM `fl_auth_rule` WHERE `status` = 1  [ RunTime:0.0005s ]
INFO: [ view_parse ] --START--
INFO: [ template_filter ] --START--
INFO: Run Behavior\ContentReplaceBehavior [ RunTime:0.000067s ]
INFO: [ template_filter ] --END-- [ RunTime:0.000108s ]
INFO: Run Behavior\ParseTemplateBehavior [ RunTime:0.010689s ]
INFO: [ view_parse ] --END-- [ RunTime:0.010740s ]
INFO: [ view_filter ] --START--
INFO: Run Behavior\WriteHtmlCacheBehavior [ RunTime:0.000445s ]
INFO: [ view_filter ] --END-- [ RunTime:0.000480s ]
INFO: [ app_end ] --START--
INFO: Run Behavior\ShowPageTraceBehavior [ RunTime:0.000743s ]
INFO: [ app_end ] --END-- [ RunTime:0.000811s ]

